TN:
SF:eslint.config.js
FN:1,(empty-report)
FNF:1
FNH:0
FNDA:0,(empty-report)
DA:1,0
DA:2,0
DA:3,0
DA:4,0
DA:5,0
DA:6,0
DA:7,0
DA:8,0
DA:9,0
DA:11,0
DA:12,0
DA:13,0
DA:14,0
DA:15,0
DA:16,0
DA:17,0
DA:18,0
DA:19,0
DA:20,0
DA:21,0
DA:22,0
DA:23,0
DA:24,0
DA:25,0
DA:26,0
DA:27,0
DA:28,0
DA:29,0
DA:30,0
DA:31,0
DA:32,0
DA:33,0
DA:34,0
DA:35,0
DA:36,0
DA:37,0
DA:38,0
DA:39,0
DA:40,0
DA:41,0
DA:42,0
DA:43,0
DA:44,0
DA:45,0
DA:46,0
DA:47,0
DA:48,0
DA:49,0
DA:50,0
DA:51,0
DA:52,0
DA:53,0
DA:54,0
LF:53
LH:0
BRDA:1,0,0,0
BRF:1
BRH:0
end_of_record
TN:
SF:vite.config.ts
FN:1,(empty-report)
FNF:1
FNH:1
FNDA:1,(empty-report)
DA:2,0
DA:3,0
DA:4,0
DA:5,0
DA:7,0
DA:8,0
DA:9,0
DA:10,0
DA:11,0
DA:12,0
DA:13,0
DA:14,0
DA:15,0
DA:16,0
DA:17,0
DA:18,0
DA:19,0
DA:20,0
DA:21,0
DA:22,0
DA:23,0
DA:24,0
DA:25,0
DA:26,0
DA:27,0
DA:28,0
DA:29,0
DA:30,0
DA:31,0
DA:32,0
DA:33,0
DA:34,0
DA:35,0
LF:33
LH:0
BRDA:1,0,0,1
BRF:1
BRH:1
end_of_record
TN:
SF:src/App.tsx
FN:27,App
FNF:1
FNH:1
FNDA:2,App
DA:1,1
DA:2,1
DA:3,1
DA:4,1
DA:5,1
DA:6,1
DA:7,1
DA:8,1
DA:9,1
DA:10,1
DA:11,1
DA:12,1
DA:13,1
DA:14,1
DA:15,1
DA:16,1
DA:17,1
DA:18,1
DA:19,1
DA:20,1
DA:21,1
DA:22,1
DA:23,1
DA:24,1
DA:25,1
DA:26,1
DA:27,1
DA:28,2
DA:29,2
DA:30,2
DA:31,2
DA:32,2
DA:34,2
DA:35,2
DA:36,2
DA:37,2
DA:39,2
DA:41,2
DA:42,2
DA:43,2
DA:44,2
DA:45,2
DA:46,2
DA:47,2
DA:48,2
DA:49,2
DA:50,2
DA:51,2
DA:52,2
DA:53,2
DA:54,2
DA:55,2
DA:56,2
DA:57,2
DA:58,2
DA:59,2
DA:60,2
DA:62,2
DA:63,2
DA:64,2
DA:65,2
DA:66,2
DA:67,2
DA:68,2
DA:69,2
DA:70,2
DA:71,2
DA:72,2
DA:74,2
DA:75,2
DA:76,2
DA:77,2
DA:79,2
DA:80,2
DA:82,2
DA:83,2
DA:84,2
DA:85,2
DA:86,2
DA:88,2
DA:89,2
DA:90,2
DA:91,2
DA:92,2
DA:93,2
DA:95,2
DA:97,2
DA:99,2
DA:100,2
DA:102,2
DA:104,1
LF:91
LH:91
BRDA:27,0,0,2
BRF:1
BRH:1
end_of_record
TN:
SF:src/i18n.ts
FNF:0
FNH:0
DA:1,1
DA:2,1
DA:3,1
DA:4,1
DA:5,1
DA:7,1
DA:8,1
DA:9,1
DA:10,1
DA:11,1
DA:12,1
DA:13,1
DA:14,1
DA:15,1
DA:16,1
DA:17,1
DA:19,1
LF:17
LH:17
BRF:0
BRH:0
end_of_record
TN:
SF:src/main.tsx
FN:1,(empty-report)
FNF:1
FNH:0
FNDA:0,(empty-report)
DA:1,0
DA:2,0
DA:3,0
DA:4,0
DA:5,0
DA:6,0
DA:7,0
DA:8,0
DA:9,0
DA:10,0
DA:11,0
DA:13,0
DA:15,0
DA:16,0
DA:17,0
DA:18,0
DA:19,0
DA:20,0
DA:21,0
DA:22,0
DA:23,0
DA:24,0
DA:25,0
DA:26,0
DA:27,0
DA:28,0
DA:29,0
DA:30,0
LF:28
LH:0
BRDA:1,0,0,0
BRF:1
BRH:0
end_of_record
TN:
SF:src/vite-env.d.ts
FN:1,(empty-report)
FNF:1
FNH:1
FNDA:1,(empty-report)
LF:0
LH:0
BRDA:1,0,0,1
BRF:1
BRH:1
end_of_record
TN:
SF:src/components/ColorModeToggle.tsx
FN:12,ColorModeToggle
FN:25,onClick
FN:28,onClick
FN:31,onClick
FNF:4
FNH:4
FNDA:32,ColorModeToggle
FNDA:4,onClick
FNDA:4,onClick
FNDA:4,onClick
DA:1,1
DA:3,1
DA:4,1
DA:10,1
DA:12,32
DA:13,32
DA:15,32
DA:16,32
DA:17,32
DA:18,32
DA:19,32
DA:20,32
DA:21,32
DA:22,32
DA:23,32
DA:24,32
DA:25,32
DA:27,32
DA:28,32
DA:30,32
DA:31,32
DA:33,32
DA:34,32
DA:35,32
DA:37,32
LF:25
LH:25
BRDA:12,0,0,32
BRDA:25,1,0,4
BRDA:28,2,0,4
BRDA:31,3,0,4
BRF:4
BRH:4
end_of_record
TN:
SF:src/components/LangSwitcher.tsx
FN:19,LangSwitcher
FN:37,changeLanguage
FN:56,onClick
FNF:3
FNH:3
FNDA:26,LangSwitcher
FNDA:4,changeLanguage
FNDA:4,onClick
DA:1,1
DA:2,1
DA:3,1
DA:4,1
DA:10,1
DA:12,1
DA:13,1
DA:14,1
DA:15,1
DA:19,26
DA:20,26
DA:21,26
DA:23,26
DA:24,14
DA:25,14
DA:26,14
DA:27,3
DA:28,11
DA:29,14
DA:30,13
DA:31,13
DA:32,2
DA:33,2
DA:34,13
DA:35,26
DA:37,26
DA:38,4
DA:39,4
DA:40,4
DA:41,4
DA:43,26
DA:44,26
DA:45,26
DA:46,26
DA:47,26
DA:48,26
DA:49,26
DA:50,26
DA:51,26
DA:52,26
DA:53,26
DA:54,52
DA:55,52
DA:56,52
DA:58,52
DA:59,52
DA:60,26
DA:61,26
DA:62,26
DA:64,26
LF:50
LH:50
BRDA:19,0,0,26
BRDA:48,1,0,0
BRDA:23,2,0,14
BRDA:26,3,0,4
BRDA:26,4,0,3
BRDA:27,5,0,11
BRDA:29,6,0,13
BRDA:31,7,0,2
BRDA:37,8,0,4
BRDA:53,9,0,52
BRDA:56,10,0,4
BRF:11
BRH:10
end_of_record
TN:
SF:src/components/LoginForm.tsx
FN:9,LoginForm
FN:33,onClick
FN:48,onClick
FNF:3
FNH:3
FNDA:13,LoginForm
FNDA:2,onClick
FNDA:2,onClick
DA:1,1
DA:2,1
DA:3,1
DA:4,1
DA:5,1
DA:6,1
DA:7,1
DA:9,13
DA:10,13
DA:11,13
DA:12,13
DA:13,13
DA:14,13
DA:16,13
DA:17,13
DA:18,13
DA:19,13
DA:20,13
DA:21,13
DA:22,13
DA:23,13
DA:24,13
DA:25,13
DA:26,13
DA:27,13
DA:28,13
DA:29,13
DA:30,13
DA:31,13
DA:32,13
DA:33,13
DA:35,13
DA:36,13
DA:37,13
DA:38,13
DA:39,13
DA:40,13
DA:41,13
DA:42,13
DA:43,13
DA:44,13
DA:45,13
DA:46,13
DA:47,13
DA:48,13
DA:50,13
DA:51,13
DA:52,13
DA:53,13
DA:54,13
DA:55,13
DA:56,13
DA:57,13
DA:59,13
LF:54
LH:54
BRDA:9,0,0,13
BRDA:33,1,0,2
BRDA:48,2,0,2
BRF:3
BRH:3
end_of_record
TN:
SF:src/components/Navbar.tsx
FN:20,navLinkclass
FN:30,Navbar
FN:55,className
FN:61,className
FN:67,className
FN:76,className
FNF:6
FNH:6
FNDA:72,navLinkclass
FNDA:8,Navbar
FNDA:18,className
FNDA:18,className
FNDA:18,className
FNDA:18,className
DA:1,1
DA:2,1
DA:3,1
DA:4,1
DA:5,1
DA:13,1
DA:14,1
DA:15,1
DA:16,1
DA:18,1
DA:20,72
DA:21,72
DA:22,72
DA:23,72
DA:24,72
DA:25,72
DA:26,72
DA:27,72
DA:28,72
DA:30,8
DA:31,8
DA:32,8
DA:33,8
DA:34,8
DA:35,8
DA:37,8
DA:38,4
DA:39,4
DA:40,4
DA:41,4
DA:42,4
DA:43,8
DA:45,8
DA:46,8
DA:47,8
DA:48,8
DA:49,8
DA:50,8
DA:51,8
DA:52,4
DA:53,4
DA:54,4
DA:55,4
DA:57,4
DA:58,4
DA:59,4
DA:60,4
DA:61,4
DA:63,4
DA:64,4
DA:65,4
DA:66,4
DA:67,4
DA:69,4
DA:70,4
DA:71,4
DA:73,8
DA:74,4
DA:75,4
DA:76,4
DA:78,4
DA:79,4
DA:81,8
DA:82,8
DA:83,8
DA:84,8
DA:85,8
DA:86,8
DA:87,8
DA:88,8
DA:89,8
DA:90,8
DA:91,8
DA:92,8
DA:93,8
DA:94,8
DA:95,8
DA:96,8
DA:97,8
DA:98,8
DA:99,8
DA:100,8
DA:101,0
DA:102,8
DA:103,8
DA:104,8
DA:106,8
LF:87
LH:86
BRDA:20,0,0,72
BRDA:24,1,0,16
BRDA:24,2,0,56
BRDA:30,3,0,8
BRDA:51,4,0,4
BRDA:73,5,0,4
BRDA:100,6,0,0
BRDA:37,7,0,4
BRDA:55,8,0,18
BRDA:61,9,0,18
BRDA:67,10,0,18
BRDA:76,11,0,18
BRF:12
BRH:11
end_of_record
TN:
SF:src/components/OnboardingForm.tsx
FN:23,OnboardingForm
FN:39,mutationFn
FN:43,onSuccess
FN:47,onError
FN:99,onChange
FN:115,onChange
FN:131,onClick
FNF:7
FNH:7
FNDA:24,OnboardingForm
FNDA:5,mutationFn
FNDA:1,onSuccess
FNDA:4,onError
FNDA:6,onChange
FNDA:6,onChange
FNDA:6,onClick
DA:1,1
DA:2,1
DA:3,1
DA:4,1
DA:5,1
DA:6,1
DA:7,1
DA:13,1
DA:14,1
DA:15,1
DA:16,1
DA:17,1
DA:18,1
DA:19,1
DA:20,1
DA:23,24
DA:24,24
DA:25,24
DA:26,24
DA:27,24
DA:28,24
DA:29,24
DA:30,24
DA:31,24
DA:33,24
DA:34,24
DA:35,24
DA:36,24
DA:38,24
DA:39,24
DA:40,5
DA:41,1
DA:42,5
DA:43,24
DA:44,1
DA:45,1
DA:46,1
DA:47,24
DA:48,4
DA:51,4
DA:52,1
DA:53,1
DA:55,3
DA:56,1
DA:57,1
DA:60,2
DA:61,1
DA:62,1
DA:64,1
DA:65,1
DA:66,1
DA:67,4
DA:68,0
DA:69,0
DA:70,4
DA:71,24
DA:73,24
DA:74,24
DA:75,24
DA:76,24
DA:77,24
DA:78,24
DA:79,24
DA:80,24
DA:81,24
DA:82,24
DA:83,24
DA:84,24
DA:85,24
DA:87,24
DA:88,24
DA:89,24
DA:90,24
DA:91,24
DA:92,24
DA:93,24
DA:94,24
DA:95,24
DA:96,24
DA:97,24
DA:98,24
DA:99,24
DA:100,24
DA:101,24
DA:103,24
DA:104,24
DA:105,24
DA:106,24
DA:107,24
DA:108,24
DA:109,24
DA:110,24
DA:111,24
DA:112,24
DA:113,24
DA:114,24
DA:115,24
DA:116,24
DA:117,24
DA:118,24
DA:119,24
DA:120,24
DA:121,24
DA:122,24
DA:123,24
DA:124,0
DA:125,0
DA:126,0
DA:127,0
DA:128,24
DA:129,12
DA:130,12
DA:131,12
DA:132,6
DA:133,6
DA:134,6
DA:135,1
DA:136,1
DA:137,1
DA:138,5
DA:139,6
DA:141,12
DA:142,12
DA:144,12
DA:145,12
DA:146,12
DA:147,12
DA:148,12
DA:150,12
DA:151,12
DA:152,12
DA:153,12
DA:154,12
DA:155,12
DA:156,12
DA:158,24
DA:159,24
DA:160,24
DA:161,24
DA:162,24
DA:163,24
DA:165,24
LF:142
LH:136
BRDA:23,0,0,24
BRDA:123,1,0,0
BRDA:128,2,0,18
BRDA:128,3,0,12
BRDA:142,4,0,12
BRDA:39,5,0,5
BRDA:40,6,0,1
BRDA:43,7,0,1
BRDA:47,8,0,4
BRDA:51,9,0,1
BRDA:53,10,0,3
BRDA:55,11,0,1
BRDA:57,12,0,2
BRDA:60,13,0,1
BRDA:67,14,0,0
BRDA:99,15,0,6
BRDA:115,16,0,6
BRDA:131,17,0,6
BRDA:134,18,0,1
BRDA:137,19,0,5
BRF:20
BRH:18
end_of_record
TN:
SF:src/components/Sidebar.tsx
FN:4,navLinkClass
FN:26,SideBar
FN:40,className
FNF:3
FNH:3
FNDA:8,navLinkClass
FNDA:4,SideBar
FNDA:8,className
DA:1,1
DA:2,1
DA:4,8
DA:5,8
DA:6,8
DA:7,8
DA:8,8
DA:9,8
DA:10,8
DA:11,8
DA:12,8
DA:13,8
DA:26,4
DA:27,4
DA:29,4
DA:30,4
DA:31,4
DA:33,4
DA:34,4
DA:35,4
DA:36,6
DA:37,6
DA:38,6
DA:39,6
DA:40,6
DA:42,6
DA:43,6
DA:44,6
DA:45,4
DA:46,4
DA:47,4
DA:49,4
LF:32
LH:32
BRDA:4,0,0,8
BRDA:9,1,0,7
BRDA:26,2,0,4
BRDA:31,3,0,0
BRDA:35,4,0,6
BRDA:40,5,0,8
BRF:6
BRH:5
end_of_record
TN:
SF:src/components/ThemeProvider.tsx
FN:18,setTheme
FN:23,ThemeProvider
FN:53,setTheme
FN:66,useTheme
FNF:4
FNH:3
FNDA:0,setTheme
FNDA:20,ThemeProvider
FNDA:8,setTheme
FNDA:32,useTheme
DA:1,1
DA:16,1
DA:17,1
DA:18,1
DA:19,1
DA:21,1
DA:23,1
DA:24,20
DA:25,20
DA:26,20
DA:27,20
DA:28,20
DA:29,20
DA:30,20
DA:31,20
DA:33,20
DA:34,20
DA:36,20
DA:38,20
DA:39,9
DA:40,9
DA:41,1
DA:42,8
DA:44,9
DA:45,9
DA:46,9
DA:48,11
DA:49,20
DA:51,20
DA:52,20
DA:53,20
DA:54,8
DA:55,8
DA:56,8
DA:57,20
DA:59,20
DA:60,20
DA:61,20
DA:62,20
DA:64,20
DA:66,1
DA:67,32
DA:69,32
DA:70,32
DA:72,32
DA:73,32
LF:46
LH:46
BRDA:23,0,0,20
BRDA:30,1,0,12
BRDA:30,2,0,2
BRDA:33,3,0,20
BRDA:38,4,0,9
BRDA:40,5,0,1
BRDA:41,6,0,8
BRDA:46,7,0,11
BRDA:53,8,0,8
BRDA:66,9,0,32
BRDA:70,10,0,0
BRF:11
BRH:10
end_of_record
TN:
SF:src/components/admin/RoleConfigTable.tsx
FN:51,RoleConfigTable
FN:75,mutationFn
FN:76,onSuccess
FN:81,onError
FN:91,mutationFn
FN:93,onSuccess
FN:97,onError
FN:103,mutationFn
FN:104,onSuccess
FN:109,onError
FN:120,handleAddRole
FN:129,confirmRemoveRole
FN:135,handleAccessLevelChange
FN:233,onChange
FN:242,onValueChange
FN:290,onOpenChange
FN:307,onClick
FNF:17
FNH:1
FNDA:1,RoleConfigTable
FNDA:0,mutationFn
FNDA:0,onSuccess
FNDA:0,onError
FNDA:0,mutationFn
FNDA:0,onSuccess
FNDA:0,onError
FNDA:0,mutationFn
FNDA:0,onSuccess
FNDA:0,onError
FNDA:0,handleAddRole
FNDA:0,confirmRemoveRole
FNDA:0,handleAccessLevelChange
FNDA:0,onChange
FNDA:0,onValueChange
FNDA:0,onOpenChange
FNDA:0,onClick
DA:1,1
DA:2,1
DA:8,1
DA:9,1
DA:10,1
DA:11,1
DA:19,1
DA:20,1
DA:21,1
DA:28,1
DA:29,1
DA:39,1
DA:45,1
DA:46,1
DA:47,1
DA:48,1
DA:49,1
DA:51,1
DA:52,1
DA:53,1
DA:54,1
DA:56,1
DA:57,1
DA:58,1
DA:59,1
DA:60,1
DA:61,1
DA:62,1
DA:63,1
DA:65,1
DA:68,1
DA:69,1
DA:70,1
DA:71,1
DA:72,1
DA:74,1
DA:75,1
DA:76,1
DA:77,0
DA:78,0
DA:79,0
DA:80,0
DA:81,1
DA:82,0
DA:83,0
DA:84,0
DA:85,0
DA:86,0
DA:87,0
DA:88,1
DA:90,1
DA:91,1
DA:92,0
DA:93,1
DA:94,0
DA:95,0
DA:96,0
DA:97,1
DA:98,0
DA:99,0
DA:100,1
DA:102,1
DA:103,1
DA:104,1
DA:105,0
DA:106,0
DA:107,0
DA:108,0
DA:109,1
DA:110,0
DA:111,0
DA:112,1
DA:114,1
DA:115,1
DA:116,0
DA:117,0
DA:118,1
DA:120,1
DA:121,0
DA:122,0
DA:123,0
DA:124,0
DA:125,0
DA:126,0
DA:127,0
DA:129,1
DA:130,0
DA:131,0
DA:132,0
DA:133,0
DA:135,1
DA:136,0
DA:137,0
DA:138,0
DA:139,0
DA:140,0
DA:141,0
DA:142,0
DA:143,0
DA:144,0
DA:145,0
DA:146,0
DA:147,0
DA:148,0
DA:149,0
DA:150,0
DA:152,1
DA:153,1
DA:154,1
DA:155,1
DA:156,1
DA:157,1
DA:158,1
DA:159,1
DA:160,1
DA:161,1
DA:162,1
DA:163,1
DA:164,1
DA:165,1
DA:166,1
DA:167,1
DA:168,1
DA:169,1
DA:170,1
DA:171,1
DA:172,1
DA:173,1
DA:174,1
DA:175,3
DA:176,3
DA:177,3
DA:178,3
DA:179,3
DA:180,3
DA:181,3
DA:182,3
DA:183,1
DA:184,0
DA:185,0
DA:186,0
DA:187,0
DA:188,0
DA:189,0
DA:190,0
DA:191,0
DA:192,0
DA:193,0
DA:195,0
DA:197,0
DA:198,0
DA:199,0
DA:200,0
DA:201,0
DA:202,0
DA:203,0
DA:204,0
DA:205,0
DA:206,0
DA:207,0
DA:208,0
DA:209,0
DA:210,0
DA:211,0
DA:212,0
DA:213,0
DA:214,0
DA:215,0
DA:216,0
DA:217,0
DA:218,0
DA:219,0
DA:221,0
DA:222,0
DA:223,0
DA:224,0
DA:225,0
DA:227,1
DA:228,1
DA:229,1
DA:230,1
DA:231,1
DA:232,1
DA:233,1
DA:234,0
DA:236,1
DA:237,1
DA:238,1
DA:239,1
DA:240,1
DA:241,1
DA:242,1
DA:243,0
DA:245,1
DA:247,1
DA:248,1
DA:249,1
DA:250,1
DA:251,1
DA:252,1
DA:253,1
DA:254,1
DA:255,1
DA:256,3
DA:257,3
DA:258,3
DA:259,1
DA:260,1
DA:261,1
DA:262,1
DA:263,1
DA:264,1
DA:265,0
DA:266,0
DA:267,0
DA:269,1
DA:270,1
DA:271,1
DA:272,1
DA:273,1
DA:274,1
DA:275,1
DA:278,1
DA:279,1
DA:281,1
DA:282,1
DA:283,1
DA:284,1
DA:285,1
DA:286,1
DA:288,1
DA:289,1
DA:290,1
DA:292,1
DA:293,1
DA:294,1
DA:295,1
DA:296,1
DA:297,1
DA:298,1
DA:299,1
DA:300,1
DA:301,1
DA:302,1
DA:303,1
DA:304,1
DA:305,1
DA:306,1
DA:307,1
DA:309,1
DA:310,1
DA:311,1
DA:312,0
DA:313,0
DA:314,0
DA:316,0
DA:317,0
DA:318,0
DA:320,1
DA:321,1
DA:322,1
DA:324,1
DA:325,1
DA:327,1
DA:328,1
DA:329,1
DA:330,1
DA:332,1
LF:268
LH:168
BRDA:51,0,0,1
BRDA:183,1,0,0
BRDA:264,2,0,0
BRDA:275,3,0,0
BRDA:311,4,0,0
BRDA:114,5,0,1
BRDA:115,6,0,0
BRDA:174,7,0,3
BRDA:255,8,0,3
BRF:9
BRH:4
end_of_record
TN:
SF:src/components/auth/AuthProvider.tsx
FN:15,AuthProvider
FN:67,mutationFn
FN:68,onSuccess
FNF:3
FNH:3
FNDA:7,AuthProvider
FNDA:5,mutationFn
FNDA:4,onSuccess
DA:1,1
DA:2,1
DA:3,1
DA:4,1
DA:5,1
DA:6,1
DA:7,1
DA:9,1
DA:10,1
DA:11,1
DA:13,1
DA:15,1
DA:16,7
DA:17,7
DA:18,7
DA:19,7
DA:20,7
DA:21,7
DA:23,7
DA:24,16
DA:25,7
DA:27,7
DA:28,0
DA:29,0
DA:30,0
DA:32,0
DA:33,0
DA:34,0
DA:35,0
DA:36,0
DA:37,7
DA:39,7
DA:40,7
DA:41,4
DA:42,4
DA:43,4
DA:44,4
DA:45,4
DA:46,4
DA:47,4
DA:48,4
DA:49,4
DA:50,7
DA:51,7
DA:53,7
DA:54,1
DA:55,1
DA:56,1
DA:57,1
DA:58,1
DA:59,1
DA:60,7
DA:62,7
DA:63,14
DA:64,7
DA:66,7
DA:67,7
DA:68,7
DA:69,4
DA:70,4
DA:71,4
DA:72,4
DA:73,4
DA:74,4
DA:75,4
DA:76,7
DA:77,7
DA:79,7
DA:80,9
DA:83,9
DA:84,0
DA:85,0
DA:86,0
DA:87,0
DA:88,0
DA:89,0
DA:90,9
DA:93,9
DA:94,5
DA:95,5
DA:96,5
DA:97,9
DA:98,7
DA:100,7
DA:101,7
DA:102,5
DA:103,5
DA:104,7
DA:105,7
DA:107,7
DA:108,7
DA:109,7
DA:110,7
DA:111,7
DA:112,7
DA:113,7
DA:114,7
DA:115,7
DA:117,7
DA:118,7
DA:120,7
LF:101
LH:87
BRDA:15,0,0,7
BRDA:23,1,0,16
BRDA:40,2,0,4
BRDA:53,3,0,1
BRDA:62,4,0,14
BRDA:67,5,0,5
BRDA:68,6,0,4
BRDA:79,7,0,9
BRDA:83,8,0,0
BRDA:93,9,0,5
BRDA:100,10,0,7
BRDA:101,11,0,5
BRDA:104,12,0,7
BRF:13
BRH:12
end_of_record
TN:
SF:src/components/auth/GuestOnlyRoute.tsx
FN:7,GuestOnlyRoute
FNF:1
FNH:1
FNDA:2,GuestOnlyRoute
DA:1,1
DA:2,1
DA:3,1
DA:4,1
DA:5,1
DA:7,2
DA:8,2
DA:9,2
DA:10,2
DA:12,2
DA:13,2
DA:14,1
DA:15,1
DA:16,1
DA:17,2
DA:19,2
DA:21,1
DA:22,1
LF:18
LH:18
BRDA:7,0,0,2
BRDA:19,1,0,1
BRDA:12,2,0,2
BRDA:13,3,0,1
BRF:4
BRH:4
end_of_record
TN:
SF:src/components/auth/ProtectedRoute.tsx
FN:10,ProtectedRoute
FN:24,updateTokenAndRole
FNF:2
FNH:2
FNDA:15,ProtectedRoute
FNDA:15,updateTokenAndRole
DA:1,1
DA:2,1
DA:3,1
DA:4,1
DA:5,1
DA:6,1
DA:8,1
DA:10,15
DA:11,15
DA:12,15
DA:14,15
DA:15,15
DA:16,15
DA:17,15
DA:19,15
DA:20,15
DA:21,15
DA:22,15
DA:24,15
DA:25,15
DA:27,15
DA:28,1
DA:29,1
DA:30,1
DA:31,0
DA:32,1
DA:33,15
DA:35,15
DA:36,15
DA:38,15
DA:39,1
DA:40,1
DA:41,1
DA:42,1
DA:43,1
DA:44,1
DA:46,14
DA:47,14
DA:48,2
DA:49,15
DA:50,2
DA:51,2
DA:52,2
DA:53,2
DA:54,15
DA:56,15
DA:58,15
DA:60,14
DA:61,1
DA:62,15
DA:63,2
DA:64,2
DA:66,13
DA:67,13
LF:54
LH:53
BRDA:10,0,0,15
BRDA:21,1,0,12
BRDA:21,2,0,3
BRDA:58,3,0,14
BRDA:60,4,0,1
BRDA:62,5,0,2
BRDA:64,6,0,13
BRDA:24,7,0,15
BRDA:27,8,0,1
BRDA:30,9,0,0
BRDA:35,10,0,15
BRDA:38,11,0,1
BRDA:38,12,0,1
BRDA:44,13,0,14
BRDA:47,14,0,2
BRDA:49,15,0,2
BRF:16
BRH:15
end_of_record
TN:
SF:src/components/group/AddMemberButton.tsx
FN:11,AddMemberButton
FN:15,handleClick
FNF:2
FNH:2
FNDA:3,AddMemberButton
FNDA:1,handleClick
DA:1,1
DA:2,1
DA:3,1
DA:4,1
DA:11,3
DA:12,3
DA:13,3
DA:15,3
DA:16,1
DA:17,1
DA:18,1
DA:20,3
DA:21,3
DA:22,3
DA:23,3
DA:24,3
DA:25,3
DA:27,3
DA:28,3
DA:29,3
DA:31,3
LF:21
LH:21
BRDA:11,0,0,3
BRDA:15,1,0,1
BRDA:16,2,0,0
BRF:3
BRH:2
end_of_record
TN:
SF:src/components/group/AddMemberRow.tsx
FN:38,AddMemberRow
FN:78,onChange
FN:87,onPaste
FN:127,onValueChange
FN:158,onClick
FNF:5
FNH:3
FNDA:5,AddMemberRow
FNDA:0,onChange
FNDA:0,onPaste
FNDA:1,onValueChange
FNDA:1,onClick
DA:1,1
DA:3,1
DA:4,1
DA:5,1
DA:12,1
DA:13,1
DA:14,1
DA:15,1
DA:16,1
DA:17,1
DA:18,1
DA:38,5
DA:39,5
DA:40,5
DA:41,5
DA:42,5
DA:43,5
DA:44,5
DA:45,5
DA:46,5
DA:47,5
DA:48,5
DA:49,5
DA:50,5
DA:51,5
DA:52,5
DA:53,5
DA:54,5
DA:55,5
DA:56,5
DA:58,5
DA:59,5
DA:61,5
DA:62,5
DA:64,5
DA:65,5
DA:66,5
DA:67,5
DA:68,5
DA:69,5
DA:70,5
DA:71,5
DA:72,5
DA:73,5
DA:74,5
DA:75,5
DA:76,5
DA:77,5
DA:78,5
DA:79,0
DA:80,0
DA:81,0
DA:82,5
DA:83,5
DA:84,1
DA:85,4
DA:87,5
DA:88,0
DA:89,0
DA:90,0
DA:91,0
DA:92,0
DA:93,0
DA:94,0
DA:95,0
DA:96,0
DA:97,0
DA:98,0
DA:99,0
DA:100,0
DA:101,0
DA:102,5
DA:104,5
DA:105,0
DA:106,0
DA:107,0
DA:108,0
DA:109,0
DA:110,0
DA:111,0
DA:112,0
DA:113,0
DA:115,0
DA:116,0
DA:117,0
DA:118,0
DA:119,0
DA:121,5
DA:122,5
DA:123,5
DA:124,5
DA:125,5
DA:126,5
DA:127,5
DA:128,1
DA:131,5
DA:132,5
DA:133,5
DA:134,5
DA:135,5
DA:136,10
DA:137,10
DA:138,10
DA:139,5
DA:140,5
DA:141,5
DA:142,5
DA:143,5
DA:144,5
DA:145,4
DA:146,4
DA:147,4
DA:148,4
DA:149,4
DA:150,4
DA:152,4
DA:153,4
DA:155,1
DA:156,1
DA:157,1
DA:158,1
DA:159,1
DA:160,1
DA:162,1
DA:163,1
DA:165,5
DA:166,5
DA:168,5
LF:128
LH:97
BRDA:38,0,0,5
BRDA:59,1,0,0
BRDA:62,2,0,4
BRDA:65,3,0,1
BRDA:65,4,0,4
BRDA:76,5,0,1
BRDA:83,6,0,1
BRDA:84,7,0,4
BRDA:104,8,0,0
BRDA:104,9,0,0
BRDA:144,10,0,4
BRDA:153,11,0,1
BRDA:127,12,0,1
BRDA:135,13,0,10
BRDA:158,14,0,1
BRF:15
BRH:12
end_of_record
TN:
SF:src/components/group/CreateGroupResultTable.tsx
FN:16,StatusIcon
FN:53,CreateGroupResultTable
FNF:2
FNH:0
FNDA:0,StatusIcon
FNDA:0,CreateGroupResultTable
DA:1,1
DA:2,1
DA:10,1
DA:11,1
DA:12,1
DA:14,1
DA:16,1
DA:17,0
DA:18,0
DA:19,0
DA:20,0
DA:21,0
DA:22,0
DA:23,0
DA:24,0
DA:26,0
DA:27,0
DA:28,0
DA:29,0
DA:30,0
DA:31,0
DA:32,0
DA:33,0
DA:35,0
DA:36,0
DA:38,0
DA:39,0
DA:40,0
DA:41,0
DA:42,0
DA:43,0
DA:44,0
DA:46,0
DA:47,0
DA:48,0
DA:50,0
DA:51,0
DA:53,0
DA:54,0
DA:55,0
DA:56,0
DA:57,0
DA:61,0
DA:62,0
DA:63,0
DA:65,0
DA:66,0
DA:68,0
DA:69,0
DA:70,0
DA:71,0
DA:72,0
DA:73,0
DA:74,0
DA:75,0
DA:76,0
DA:77,0
DA:78,0
DA:79,0
DA:80,0
DA:81,0
DA:83,0
DA:84,0
DA:85,0
DA:86,0
DA:87,0
DA:88,0
DA:89,0
DA:90,0
DA:91,0
DA:92,0
DA:93,0
DA:94,0
DA:95,0
DA:96,0
DA:97,0
DA:98,0
DA:99,0
DA:100,0
DA:101,0
DA:102,0
DA:103,0
DA:104,0
DA:105,0
DA:106,0
DA:107,0
DA:108,0
DA:109,0
DA:110,0
DA:111,0
DA:112,0
DA:113,0
DA:114,0
DA:115,0
DA:116,0
DA:117,0
DA:118,0
DA:119,0
DA:120,0
DA:122,0
DA:123,0
DA:124,0
DA:125,0
DA:126,0
DA:127,0
DA:128,0
DA:129,0
DA:130,0
DA:131,0
DA:133,0
DA:134,0
DA:135,0
DA:136,0
DA:137,0
DA:138,0
DA:140,0
DA:141,0
DA:142,0
DA:143,0
DA:145,0
DA:146,0
DA:148,0
LF:122
LH:7
BRF:0
BRH:0
end_of_record
TN:
SF:src/components/group/GroupDescription.tsx
FN:10,GroupDescription
FNF:1
FNH:0
FNDA:0,GroupDescription
DA:1,1
DA:2,1
DA:10,0
DA:11,0
DA:12,0
DA:13,0
DA:14,0
DA:15,0
DA:16,0
DA:18,0
DA:19,0
DA:20,0
DA:21,0
DA:23,0
DA:24,0
DA:25,0
DA:26,0
DA:27,0
DA:28,0
DA:29,0
DA:30,0
DA:31,0
DA:32,0
DA:33,0
DA:34,0
DA:35,0
DA:36,0
DA:37,0
DA:38,0
DA:39,0
DA:40,0
DA:42,0
DA:43,0
DA:44,0
DA:45,0
DA:46,0
DA:47,0
DA:48,0
DA:50,0
DA:51,0
DA:53,0
LF:41
LH:2
BRF:0
BRH:0
end_of_record
TN:
SF:src/components/group/GroupMemberRow.tsx
FN:32,GroupMemberRow
FN:92,onClick
FNF:2
FNH:2
FNDA:195,GroupMemberRow
FNDA:1,onClick
DA:1,1
DA:2,1
DA:3,1
DA:4,1
DA:10,1
DA:15,1
DA:16,1
DA:32,195
DA:33,195
DA:34,195
DA:35,195
DA:36,195
DA:37,195
DA:38,195
DA:39,195
DA:40,195
DA:41,195
DA:42,195
DA:43,195
DA:44,195
DA:46,195
DA:48,195
DA:49,195
DA:51,195
DA:52,195
DA:53,195
DA:55,195
DA:56,195
DA:57,195
DA:58,195
DA:59,195
DA:61,195
DA:63,195
DA:64,195
DA:65,195
DA:66,195
DA:67,195
DA:68,195
DA:70,195
DA:71,195
DA:72,20
DA:73,0
DA:74,0
DA:76,0
DA:78,20
DA:79,20
DA:80,20
DA:81,20
DA:82,20
DA:84,20
DA:85,20
DA:86,20
DA:87,20
DA:88,20
DA:89,20
DA:90,40
DA:91,40
DA:92,40
DA:93,40
DA:95,40
DA:96,40
DA:97,20
DA:98,20
DA:99,20
DA:102,175
DA:104,195
DA:106,195
DA:107,30
DA:108,30
DA:109,30
DA:111,195
DA:113,195
LF:72
LH:69
BRDA:32,0,0,195
BRDA:49,1,0,0
BRDA:53,2,0,0
BRDA:58,3,0,0
BRDA:71,4,0,30
BRDA:71,5,0,20
BRDA:71,6,0,20
BRDA:72,7,0,0
BRDA:99,8,0,175
BRDA:106,9,0,30
BRDA:52,10,0,195
BRDA:89,11,0,40
BRDA:92,12,0,1
BRF:13
BRH:9
end_of_record
TN:
SF:src/components/group/GroupMemberTable.tsx
FN:39,GroupMemberTable
FN:63,updateMemberRole
FN:138,onDelete
FN:139,onUpdateRole
FN:152,onClick
FN:174,onClick
FN:189,onClick
FNF:7
FNH:7
FNDA:24,GroupMemberTable
FNDA:1,updateMemberRole
FNDA:1,onDelete
FNDA:1,onUpdateRole
FNDA:1,onClick
FNDA:1,onClick
FNDA:1,onClick
DA:1,1
DA:2,1
DA:3,1
DA:10,1
DA:18,1
DA:19,1
DA:20,1
DA:21,1
DA:22,1
DA:23,1
DA:24,1
DA:25,1
DA:28,1
DA:39,24
DA:40,24
DA:41,24
DA:42,24
DA:43,24
DA:44,24
DA:45,24
DA:46,24
DA:47,24
DA:48,24
DA:49,24
DA:50,24
DA:51,24
DA:52,24
DA:53,24
DA:54,24
DA:56,24
DA:57,24
DA:58,24
DA:60,24
DA:61,24
DA:63,24
DA:64,1
DA:65,0
DA:66,0
DA:67,0
DA:69,1
DA:70,1
DA:71,1
DA:72,1
DA:73,1
DA:74,1
DA:76,24
DA:77,24
DA:78,24
DA:79,24
DA:80,22
DA:81,22
DA:82,22
DA:84,24
DA:85,24
DA:86,24
DA:87,24
DA:88,24
DA:89,24
DA:90,24
DA:91,24
DA:92,3
DA:94,24
DA:96,24
DA:97,1
DA:98,1
DA:99,1
DA:100,1
DA:101,23
DA:102,1
DA:103,1
DA:104,1
DA:105,22
DA:106,1
DA:107,1
DA:108,1
DA:110,21
DA:111,21
DA:112,21
DA:113,21
DA:114,21
DA:115,21
DA:116,21
DA:117,21
DA:118,21
DA:119,21
DA:120,21
DA:121,21
DA:122,21
DA:123,21
DA:124,21
DA:125,21
DA:126,21
DA:127,205
DA:128,205
DA:129,205
DA:130,205
DA:131,205
DA:132,205
DA:133,205
DA:134,205
DA:135,205
DA:136,205
DA:137,205
DA:138,205
DA:139,205
DA:140,1
DA:142,205
DA:143,21
DA:144,21
DA:145,21
DA:147,21
DA:148,21
DA:149,21
DA:150,21
DA:151,21
DA:152,21
DA:153,21
DA:154,21
DA:155,17
DA:156,4
DA:158,21
DA:159,21
DA:161,21
DA:162,0
DA:163,0
DA:164,0
DA:167,21
DA:168,21
DA:169,21
DA:170,21
DA:171,63
DA:172,63
DA:173,63
DA:174,63
DA:176,63
DA:177,63
DA:178,63
DA:179,21
DA:181,21
DA:182,2
DA:183,2
DA:184,2
DA:187,21
DA:188,21
DA:189,21
DA:190,1
DA:192,21
DA:193,21
DA:194,3
DA:195,18
DA:197,21
DA:198,21
DA:199,21
DA:200,21
DA:201,21
DA:202,21
DA:204,24
DA:205,24
DA:207,24
LF:159
LH:153
BRDA:39,0,0,24
BRDA:57,1,0,22
BRDA:57,2,0,2
BRDA:58,3,0,22
BRDA:58,4,0,2
BRDA:79,5,0,22
BRDA:91,6,0,5
BRDA:91,7,0,3
BRDA:96,8,0,1
BRDA:100,9,0,23
BRDA:101,10,0,1
BRDA:104,11,0,22
BRDA:105,12,0,1
BRDA:108,13,0,21
BRDA:154,14,0,17
BRDA:155,15,0,4
BRDA:161,16,0,0
BRDA:181,17,0,2
BRDA:193,18,0,3
BRDA:194,19,0,18
BRDA:63,20,0,1
BRDA:64,21,0,0
BRDA:126,22,0,205
BRDA:135,23,0,50
BRDA:138,24,0,10
BRDA:138,25,0,195
BRDA:138,26,0,1
BRDA:139,27,0,1
BRDA:152,28,0,1
BRDA:152,29,0,1
BRDA:169,30,0,63
BRDA:170,31,0,63
BRDA:174,32,0,1
BRDA:189,33,0,1
BRDA:190,34,0,1
BRF:35
BRH:33
end_of_record
TN:
SF:src/components/group/MemberDeleteMenu.tsx
FN:26,MemberDeleteMenu
FN:31,handleDelete
FN:59,onClick
FNF:3
FNH:3
FNDA:74,MemberDeleteMenu
FNDA:2,handleDelete
FNDA:2,onClick
DA:1,1
DA:10,1
DA:16,1
DA:17,1
DA:18,1
DA:19,1
DA:26,74
DA:27,74
DA:28,74
DA:29,74
DA:31,74
DA:32,2
DA:33,2
DA:34,2
DA:35,2
DA:36,2
DA:37,2
DA:38,2
DA:39,2
DA:40,2
DA:42,74
DA:43,74
DA:44,74
DA:45,74
DA:46,74
DA:47,74
DA:48,74
DA:49,74
DA:50,74
DA:52,74
DA:53,74
DA:54,74
DA:55,74
DA:56,54
DA:57,54
DA:58,54
DA:59,54
DA:61,54
DA:62,54
DA:63,54
DA:65,74
DA:67,74
DA:68,74
DA:69,74
DA:70,74
DA:71,74
DA:72,74
DA:73,74
DA:74,74
DA:75,74
DA:76,74
DA:77,74
DA:78,74
DA:79,74
DA:80,74
DA:81,74
DA:82,74
DA:83,74
DA:84,74
DA:85,74
DA:86,74
DA:87,74
DA:89,74
DA:90,74
DA:91,74
DA:92,74
DA:93,74
DA:94,74
DA:95,74
DA:97,74
LF:70
LH:70
BRDA:26,0,0,74
BRDA:55,1,0,54
BRDA:31,2,0,2
BRDA:32,3,0,0
BRDA:59,4,0,2
BRF:5
BRH:4
end_of_record
TN:
SF:src/components/group/PendingMemberRow.tsx
FN:31,PendingMemberRow
FN:76,onClick
FNF:2
FNH:2
FNDA:195,PendingMemberRow
FNDA:1,onClick
DA:1,1
DA:2,1
DA:3,1
DA:4,1
DA:10,1
DA:12,1
DA:17,1
DA:31,195
DA:32,195
DA:33,195
DA:34,195
DA:35,195
DA:36,195
DA:37,195
DA:38,195
DA:39,195
DA:40,195
DA:41,195
DA:42,195
DA:43,195
DA:44,195
DA:46,195
DA:48,195
DA:49,195
DA:51,195
DA:52,195
DA:53,195
DA:54,195
DA:55,195
DA:56,195
DA:57,195
DA:58,195
DA:60,195
DA:61,195
DA:62,30
DA:63,30
DA:64,30
DA:65,30
DA:66,30
DA:68,30
DA:69,30
DA:70,30
DA:71,30
DA:72,30
DA:73,30
DA:74,60
DA:75,60
DA:76,60
DA:77,60
DA:79,60
DA:80,60
DA:81,30
DA:82,30
DA:83,30
DA:85,165
DA:87,195
DA:89,195
DA:90,40
DA:91,40
DA:92,40
DA:94,195
DA:96,195
LF:62
LH:62
BRDA:31,0,0,195
BRDA:44,1,0,0
BRDA:49,2,0,0
BRDA:61,3,0,40
BRDA:61,4,0,30
BRDA:61,5,0,30
BRDA:83,6,0,165
BRDA:89,7,0,40
BRDA:48,8,0,195
BRDA:73,9,0,60
BRDA:76,10,0,1
BRF:11
BRH:9
end_of_record
TN:
SF:src/components/group/PendingMemberTable.tsx
FN:36,PendingMemberTable
FN:59,handleUpdateRole
FN:72,handleRemove
FN:129,onDelete
FN:130,onUpdateRole
FN:144,onClick
FN:166,onClick
FN:181,onClick
FNF:8
FNH:8
FNDA:24,PendingMemberTable
FNDA:1,handleUpdateRole
FNDA:1,handleRemove
FNDA:1,onDelete
FNDA:1,onUpdateRole
FNDA:1,onClick
FNDA:1,onClick
FNDA:1,onClick
DA:1,1
DA:2,1
DA:3,1
DA:10,1
DA:18,1
DA:19,1
DA:20,1
DA:21,1
DA:22,1
DA:23,1
DA:24,1
DA:27,1
DA:28,1
DA:36,24
DA:37,24
DA:38,24
DA:39,24
DA:40,24
DA:41,24
DA:42,24
DA:43,24
DA:44,24
DA:45,24
DA:46,24
DA:47,24
DA:48,24
DA:49,24
DA:50,24
DA:51,24
DA:52,24
DA:53,24
DA:54,24
DA:55,24
DA:56,24
DA:57,24
DA:59,24
DA:60,1
DA:61,0
DA:62,0
DA:63,0
DA:65,1
DA:66,1
DA:67,1
DA:68,1
DA:69,1
DA:70,1
DA:72,24
DA:73,1
DA:74,1
DA:76,24
DA:77,24
DA:78,24
DA:79,24
DA:80,22
DA:81,22
DA:82,22
DA:84,24
DA:85,24
DA:86,24
DA:87,24
DA:88,24
DA:89,24
DA:91,24
DA:92,1
DA:93,1
DA:94,1
DA:95,1
DA:96,23
DA:97,1
DA:98,1
DA:99,1
DA:100,22
DA:101,1
DA:102,1
DA:103,1
DA:105,21
DA:106,21
DA:107,21
DA:108,21
DA:109,21
DA:110,21
DA:111,21
DA:112,21
DA:113,21
DA:114,21
DA:115,21
DA:116,21
DA:117,21
DA:118,21
DA:119,205
DA:120,205
DA:121,205
DA:122,205
DA:123,205
DA:124,205
DA:125,205
DA:126,205
DA:127,205
DA:128,205
DA:129,205
DA:130,205
DA:131,1
DA:133,205
DA:135,21
DA:136,21
DA:137,21
DA:139,21
DA:140,21
DA:141,21
DA:142,21
DA:143,21
DA:144,21
DA:145,21
DA:146,21
DA:147,17
DA:148,4
DA:150,21
DA:151,21
DA:153,21
DA:154,0
DA:155,0
DA:156,0
DA:159,21
DA:160,21
DA:161,21
DA:162,21
DA:163,63
DA:164,63
DA:165,63
DA:166,63
DA:168,63
DA:169,63
DA:170,63
DA:171,21
DA:173,21
DA:174,2
DA:175,2
DA:176,2
DA:179,21
DA:180,21
DA:181,21
DA:182,1
DA:184,21
DA:185,21
DA:186,3
DA:187,18
DA:189,21
DA:190,21
DA:191,21
DA:192,21
DA:193,21
DA:194,21
DA:196,24
DA:197,24
DA:199,24
LF:155
LH:149
BRDA:36,0,0,24
BRDA:56,1,0,22
BRDA:56,2,0,2
BRDA:57,3,0,22
BRDA:57,4,0,2
BRDA:79,5,0,22
BRDA:91,6,0,1
BRDA:95,7,0,23
BRDA:96,8,0,1
BRDA:99,9,0,22
BRDA:100,10,0,1
BRDA:103,11,0,21
BRDA:146,12,0,17
BRDA:147,13,0,4
BRDA:153,14,0,0
BRDA:173,15,0,2
BRDA:185,16,0,3
BRDA:186,17,0,18
BRDA:59,18,0,1
BRDA:60,19,0,0
BRDA:72,20,0,1
BRDA:118,21,0,205
BRDA:129,22,0,1
BRDA:130,23,0,1
BRDA:144,24,0,1
BRDA:144,25,0,1
BRDA:161,26,0,63
BRDA:162,27,0,63
BRDA:166,28,0,1
BRDA:181,29,0,1
BRDA:182,30,0,1
BRF:31
BRH:29
end_of_record
TN:
SF:src/components/jobs/Badge.tsx
FN:20,Badge
FNF:1
FNH:0
FNDA:0,Badge
DA:1,1
DA:4,1
DA:5,1
DA:6,1
DA:7,1
DA:8,1
DA:9,1
DA:10,1
DA:11,1
DA:20,1
DA:21,0
DA:22,0
DA:24,0
DA:25,0
DA:26,0
DA:27,0
DA:28,0
DA:29,0
DA:30,0
DA:31,0
DA:32,0
DA:33,0
DA:34,0
DA:35,0
DA:37,0
DA:38,0
DA:39,0
DA:40,0
DA:41,0
DA:42,0
DA:43,0
DA:44,0
DA:45,0
DA:46,0
DA:47,0
DA:48,0
DA:49,0
DA:50,0
DA:51,0
DA:52,0
DA:53,0
DA:54,0
DA:56,0
DA:58,0
LF:44
LH:10
BRF:0
BRH:0
end_of_record
TN:
SF:src/components/jobs/CountsBar.tsx
FN:5,CountsBar
FN:8,queryFn
FN:12,placeholderData
FNF:3
FNH:3
FNDA:1,CountsBar
FNDA:1,queryFn
FNDA:5,placeholderData
DA:1,1
DA:2,1
DA:3,1
DA:5,1
DA:6,1
DA:7,1
DA:8,1
DA:9,1
DA:10,1
DA:11,1
DA:12,1
DA:13,1
DA:15,1
DA:16,0
DA:17,0
DA:19,0
DA:21,0
DA:23,1
DA:25,0
DA:27,0
DA:28,0
DA:29,0
DA:30,0
DA:31,0
DA:32,0
DA:33,0
DA:34,0
DA:35,0
DA:37,0
LF:29
LH:14
BRDA:5,0,0,1
BRDA:15,1,0,0
BRDA:23,2,0,0
BRDA:8,3,0,1
BRDA:12,4,0,5
BRF:5
BRH:3
end_of_record
TN:
SF:src/components/jobs/FilterPanel.tsx
FN:37,FilterPanel
FN:88,toggleStatus
FN:96,toggleRes
FN:104,togglePartition
FN:149,onCheckedChange
FN:150,onSelect
FN:162,onCheckedChange
FN:163,onSelect
FN:175,onCheckedChange
FN:176,onSelect
FNF:10
FNH:1
FNDA:1,FilterPanel
FNDA:0,toggleStatus
FNDA:0,toggleRes
FNDA:0,togglePartition
FNDA:0,onCheckedChange
FNDA:0,onSelect
FNDA:0,onCheckedChange
FNDA:0,onSelect
FNDA:0,onCheckedChange
FNDA:0,onSelect
DA:1,1
DA:2,1
DA:10,1
DA:11,1
DA:14,1
DA:17,1
DA:18,1
DA:19,1
DA:20,1
DA:21,1
DA:22,1
DA:23,1
DA:24,1
DA:27,1
DA:30,1
DA:37,1
DA:38,1
DA:39,1
DA:44,1
DA:46,1
DA:47,0
DA:48,0
DA:49,0
DA:50,0
DA:51,0
DA:52,0
DA:53,0
DA:54,0
DA:55,0
DA:56,0
DA:57,1
DA:59,1
DA:60,0
DA:61,0
DA:62,0
DA:63,0
DA:64,0
DA:65,0
DA:66,0
DA:67,0
DA:68,0
DA:69,0
DA:70,1
DA:72,1
DA:73,0
DA:74,0
DA:75,0
DA:76,0
DA:77,0
DA:78,0
DA:79,0
DA:80,0
DA:81,0
DA:82,0
DA:83,1
DA:85,1
DA:86,1
DA:88,1
DA:89,0
DA:90,0
DA:91,0
DA:92,0
DA:93,0
DA:94,0
DA:96,1
DA:97,0
DA:98,0
DA:99,0
DA:100,0
DA:101,0
DA:102,0
DA:104,1
DA:105,0
DA:106,0
DA:107,0
DA:108,0
DA:109,0
DA:110,0
DA:112,1
DA:113,1
DA:114,1
DA:115,1
DA:116,1
DA:117,1
DA:118,1
DA:120,1
DA:121,1
DA:122,1
DA:123,1
DA:124,1
DA:126,1
DA:128,0
DA:129,0
DA:130,0
DA:131,0
DA:132,0
DA:133,0
DA:134,0
DA:135,0
DA:137,1
DA:138,1
DA:139,1
DA:140,1
DA:141,1
DA:143,1
DA:144,1
DA:145,1
DA:146,6
DA:147,6
DA:148,6
DA:149,6
DA:150,6
DA:152,6
DA:153,6
DA:154,1
DA:156,1
DA:157,1
DA:158,1
DA:159,2
DA:160,2
DA:161,2
DA:162,2
DA:163,2
DA:165,2
DA:166,2
DA:167,1
DA:169,1
DA:170,1
DA:171,1
DA:172,2
DA:173,2
DA:174,2
DA:175,2
DA:176,2
DA:178,2
DA:179,2
DA:180,1
DA:181,1
DA:182,1
DA:184,1
LF:140
LH:84
BRDA:37,0,0,1
BRDA:126,1,0,0
BRDA:38,2,0,1
BRDA:145,3,0,6
BRDA:158,4,0,2
BRDA:171,5,0,2
BRF:6
BRH:5
end_of_record
TN:
SF:src/components/jobs/JobList.tsx
FN:12,JobList
FN:62,formatMem
FNF:2
FNH:1
FNDA:1,JobList
FNDA:0,formatMem
DA:2,1
DA:12,1
DA:13,1
DA:14,1
DA:15,1
DA:16,1
DA:17,1
DA:18,1
DA:19,1
DA:20,1
DA:21,1
DA:22,1
DA:23,1
DA:24,1
DA:25,1
DA:26,1
DA:27,1
DA:28,0
DA:29,0
DA:30,0
DA:31,0
DA:32,0
DA:33,0
DA:34,0
DA:35,0
DA:36,0
DA:37,0
DA:38,0
DA:39,0
DA:40,0
DA:41,0
DA:42,0
DA:43,0
DA:44,0
DA:45,0
DA:46,0
DA:47,0
DA:48,0
DA:49,0
DA:50,0
DA:51,0
DA:52,0
DA:53,0
DA:54,1
DA:55,1
DA:56,1
DA:57,1
DA:58,1
DA:60,1
DA:62,0
DA:63,0
DA:64,0
LF:52
LH:23
BRDA:12,0,0,1
BRF:1
BRH:1
end_of_record
TN:
SF:src/components/jobs/JobSubmitForm.tsx
FN:25,shellArg
FN:30,buildSrunCommand
FN:82,SubmitSuccess
FN:122,JobSubmitForm
FNF:4
FNH:0
FNDA:0,shellArg
FNDA:0,buildSrunCommand
FNDA:0,SubmitSuccess
FNDA:0,JobSubmitForm
DA:1,1
DA:2,1
DA:3,1
DA:4,1
DA:5,1
DA:6,1
DA:10,1
DA:11,1
DA:12,1
DA:13,1
DA:20,1
DA:25,0
DA:26,0
DA:27,0
DA:28,0
DA:30,1
DA:31,0
DA:33,0
DA:34,0
DA:35,0
DA:36,0
DA:37,0
DA:38,0
DA:39,0
DA:40,0
DA:41,0
DA:42,0
DA:43,0
DA:44,0
DA:46,0
DA:48,0
DA:49,0
DA:50,0
DA:51,0
DA:52,0
DA:53,0
DA:54,0
DA:56,0
DA:57,0
DA:82,0
DA:83,0
DA:85,0
DA:86,0
DA:88,0
DA:89,0
DA:90,0
DA:91,0
DA:92,0
DA:93,0
DA:94,0
DA:95,0
DA:96,0
DA:97,0
DA:98,0
DA:99,0
DA:100,0
DA:101,0
DA:102,0
DA:103,0
DA:104,0
DA:105,0
DA:108,0
DA:109,0
DA:110,0
DA:111,0
DA:112,0
DA:114,0
DA:115,0
DA:116,0
DA:117,0
DA:118,0
DA:120,0
DA:122,0
DA:123,0
DA:125,0
DA:126,0
DA:127,0
DA:128,0
DA:130,0
DA:132,0
DA:133,0
DA:134,0
DA:135,0
DA:136,0
DA:137,0
DA:139,0
DA:140,0
DA:141,0
DA:142,0
DA:143,0
DA:144,0
DA:145,0
DA:146,0
DA:147,0
DA:148,0
DA:149,0
DA:150,0
DA:151,0
DA:152,0
DA:153,0
DA:154,0
DA:155,0
DA:157,0
DA:159,0
DA:161,0
DA:162,0
DA:163,0
DA:164,0
DA:165,0
DA:166,0
DA:167,0
DA:168,0
DA:169,0
DA:170,0
DA:171,0
DA:172,0
DA:173,0
DA:174,0
DA:175,0
DA:176,0
DA:177,0
DA:178,0
DA:179,0
DA:180,0
DA:181,0
DA:182,0
DA:183,0
DA:184,0
DA:185,0
DA:186,0
DA:187,0
DA:188,0
DA:189,0
DA:190,0
DA:192,0
DA:193,0
DA:194,0
DA:195,0
DA:196,0
DA:197,0
DA:198,0
DA:199,0
DA:200,0
DA:201,0
DA:202,0
DA:204,0
DA:205,0
DA:206,0
DA:207,0
DA:209,0
DA:210,0
DA:212,0
DA:213,0
DA:214,0
DA:216,0
DA:217,0
DA:218,0
DA:219,0
DA:220,0
DA:221,0
DA:222,0
DA:223,0
DA:224,0
DA:225,0
DA:226,0
DA:227,0
DA:228,0
DA:229,0
DA:230,0
DA:231,0
DA:232,0
DA:233,0
DA:234,0
DA:235,0
DA:236,0
DA:237,0
DA:238,0
DA:239,0
DA:240,0
DA:242,0
DA:243,0
DA:245,0
DA:246,0
DA:247,0
DA:248,0
DA:249,0
DA:251,0
DA:253,0
DA:254,0
DA:255,0
DA:257,0
DA:258,0
DA:260,0
DA:261,0
DA:263,0
DA:264,0
DA:265,0
DA:266,0
DA:268,0
DA:269,0
DA:270,0
DA:271,0
DA:272,0
DA:273,0
DA:274,0
DA:275,0
DA:276,0
DA:277,0
DA:278,0
DA:279,0
DA:280,0
DA:281,0
DA:282,0
DA:284,0
DA:285,0
DA:286,0
DA:287,0
DA:288,0
DA:289,0
DA:290,0
DA:291,0
DA:292,0
DA:293,0
DA:295,0
DA:296,0
DA:297,0
DA:298,0
DA:299,0
DA:300,0
DA:301,0
DA:302,0
DA:303,0
DA:304,0
DA:305,0
DA:306,0
DA:307,0
DA:308,0
DA:309,0
DA:311,0
DA:312,0
DA:313,0
DA:314,0
DA:315,0
DA:316,0
DA:317,0
DA:318,0
DA:319,0
DA:320,0
DA:321,0
DA:322,0
DA:325,0
DA:326,0
DA:327,0
DA:328,0
DA:330,0
DA:331,0
DA:332,0
DA:333,0
DA:334,0
DA:336,0
DA:337,0
DA:338,0
DA:339,0
DA:340,0
DA:342,0
DA:343,0
DA:344,0
DA:345,0
DA:346,0
DA:348,0
DA:349,0
DA:350,0
DA:351,0
DA:352,0
DA:353,0
DA:355,0
DA:356,0
DA:357,0
DA:358,0
DA:359,0
DA:360,0
DA:361,0
DA:362,0
DA:363,0
DA:365,0
DA:366,0
DA:368,0
DA:369,0
DA:370,0
DA:371,0
DA:372,0
DA:373,0
DA:375,0
DA:376,0
DA:378,0
DA:379,0
DA:380,0
DA:381,0
DA:382,0
DA:385,0
DA:386,0
DA:387,0
DA:388,0
DA:390,0
DA:391,0
DA:392,0
DA:393,0
DA:394,0
DA:395,0
DA:396,0
DA:397,0
DA:398,0
DA:401,0
DA:402,0
DA:403,0
DA:404,0
DA:405,0
DA:406,0
DA:407,0
DA:408,0
DA:409,0
DA:410,0
DA:411,0
DA:412,0
DA:413,0
DA:414,0
DA:416,0
DA:417,0
DA:418,0
DA:419,0
DA:420,0
DA:421,0
DA:422,0
DA:423,0
DA:424,0
DA:425,0
DA:426,0
DA:427,0
DA:428,0
DA:429,0
DA:430,0
DA:431,0
DA:432,0
DA:433,0
DA:435,0
DA:436,0
DA:437,0
DA:438,0
DA:439,0
DA:440,0
DA:441,0
DA:442,0
DA:443,0
DA:444,0
DA:445,0
DA:446,0
DA:447,0
DA:448,0
DA:449,0
DA:450,0
DA:451,0
DA:452,0
DA:454,0
DA:455,0
DA:456,0
DA:457,0
DA:458,0
DA:459,0
DA:460,0
DA:461,0
DA:462,0
DA:463,0
DA:464,0
DA:465,0
DA:466,0
DA:467,0
DA:468,0
DA:469,0
DA:471,0
DA:472,0
DA:473,0
DA:474,0
DA:475,0
DA:476,0
DA:477,0
DA:478,0
DA:479,0
DA:480,0
DA:481,0
DA:482,0
DA:483,0
DA:484,0
DA:486,0
DA:487,0
DA:488,0
DA:489,0
DA:490,0
DA:491,0
DA:492,0
DA:493,0
DA:494,0
DA:495,0
DA:496,0
DA:497,0
DA:498,0
DA:499,0
DA:500,0
DA:501,0
DA:503,0
DA:504,0
DA:505,0
DA:506,0
DA:507,0
DA:508,0
DA:509,0
DA:510,0
DA:511,0
DA:512,0
DA:513,0
DA:514,0
DA:515,0
DA:516,0
DA:517,0
DA:518,0
DA:519,0
DA:522,0
DA:523,0
DA:524,0
DA:525,0
DA:527,0
DA:528,0
DA:529,0
DA:530,0
DA:531,0
DA:532,0
DA:533,0
DA:534,0
DA:535,0
DA:536,0
DA:537,0
DA:539,0
DA:540,0
DA:541,0
DA:542,0
DA:543,0
DA:544,0
DA:545,0
DA:546,0
DA:547,0
DA:548,0
DA:549,0
DA:551,0
DA:552,0
DA:553,0
DA:554,0
DA:555,0
DA:556,0
DA:557,0
DA:558,0
DA:559,0
DA:560,0
DA:561,0
DA:562,0
DA:565,0
DA:566,0
DA:567,0
DA:568,0
DA:570,0
DA:571,0
DA:572,0
DA:573,0
DA:574,0
DA:575,0
DA:576,0
DA:578,0
DA:579,0
DA:580,0
DA:581,0
DA:582,0
DA:584,0
DA:585,0
DA:586,0
DA:587,0
DA:588,0
DA:589,0
DA:590,0
DA:591,0
DA:592,0
DA:594,0
LF:489
LH:12
BRF:0
BRH:0
end_of_record
TN:
SF:src/components/jobs/SortSelector.tsx
FN:35,SortSelector
FN:41,toggleOrder
FN:79,onCheckedChange
FNF:3
FNH:1
FNDA:1,SortSelector
FNDA:0,toggleOrder
FNDA:0,onCheckedChange
DA:2,1
DA:3,1
DA:11,1
DA:18,1
DA:19,1
DA:20,1
DA:21,1
DA:22,1
DA:23,1
DA:24,1
DA:25,1
DA:26,1
DA:35,1
DA:36,1
DA:37,1
DA:38,1
DA:39,1
DA:40,1
DA:41,1
DA:43,1
DA:44,1
DA:45,1
DA:46,1
DA:47,1
DA:48,1
DA:49,1
DA:50,1
DA:51,1
DA:52,1
DA:54,1
DA:55,1
DA:57,0
DA:59,1
DA:61,1
DA:62,1
DA:63,1
DA:64,1
DA:65,1
DA:66,1
DA:68,1
DA:69,1
DA:70,1
DA:72,1
DA:73,1
DA:74,1
DA:75,1
DA:76,7
DA:77,7
DA:78,7
DA:79,7
DA:81,7
DA:82,7
DA:83,1
DA:84,1
DA:85,1
DA:86,1
DA:88,1
LF:57
LH:56
BRDA:35,0,0,1
BRDA:50,1,0,0
BRDA:51,2,0,0
BRDA:55,3,0,0
BRDA:75,4,0,7
BRF:5
BRH:2
end_of_record
TN:
SF:src/components/jobs/StateCard.tsx
FN:3,StateCard
FNF:1
FNH:0
FNDA:0,StateCard
DA:1,1
DA:3,0
DA:4,0
DA:5,0
DA:6,0
DA:9,0
DA:10,0
DA:11,0
DA:12,0
DA:13,0
DA:14,0
DA:15,0
DA:16,0
DA:17,0
DA:18,0
DA:20,0
LF:16
LH:1
BRF:0
BRH:0
end_of_record
TN:
SF:src/components/setting/BindLoginForm.tsx
FN:27,BindLoginForm
FN:38,mutationFn
FN:39,onSuccess
FN:56,onError
FN:62,listener
FN:121,onClick
FN:140,onClick
FN:157,onClick
FNF:8
FNH:1
FNDA:1,BindLoginForm
FNDA:0,mutationFn
FNDA:0,onSuccess
FNDA:0,onError
FNDA:0,listener
FNDA:0,onClick
FNDA:0,onClick
FNDA:0,onClick
DA:1,1
DA:2,1
DA:9,1
DA:10,1
DA:11,1
DA:18,1
DA:19,1
DA:20,1
DA:21,1
DA:22,1
DA:23,1
DA:24,1
DA:25,1
DA:27,1
DA:28,1
DA:29,1
DA:30,1
DA:32,1
DA:33,1
DA:34,1
DA:35,1
DA:37,1
DA:38,1
DA:39,1
DA:40,0
DA:41,0
DA:42,0
DA:43,0
DA:44,0
DA:46,0
DA:47,0
DA:48,0
DA:49,0
DA:50,0
DA:52,0
DA:53,0
DA:54,0
DA:55,0
DA:56,1
DA:57,0
DA:58,0
DA:59,1
DA:61,1
DA:62,1
DA:63,0
DA:64,0
DA:65,0
DA:66,0
DA:67,0
DA:68,0
DA:69,0
DA:70,0
DA:71,0
DA:72,0
DA:73,1
DA:74,1
DA:75,1
DA:77,1
DA:78,1
DA:79,1
DA:80,1
DA:81,1
DA:82,1
DA:83,1
DA:84,1
DA:85,1
DA:86,1
DA:87,1
DA:88,1
DA:89,1
DA:90,1
DA:91,1
DA:92,1
DA:93,1
DA:94,1
DA:96,1
DA:97,1
DA:98,0
DA:99,0
DA:100,0
DA:101,0
DA:102,0
DA:104,0
DA:105,0
DA:106,0
DA:107,0
DA:108,0
DA:109,0
DA:110,0
DA:111,0
DA:113,0
DA:115,1
DA:116,1
DA:117,1
DA:118,1
DA:119,1
DA:120,1
DA:121,1
DA:123,1
DA:124,1
DA:125,1
DA:126,1
DA:127,1
DA:128,1
DA:129,1
DA:130,1
DA:131,1
DA:132,1
DA:133,1
DA:134,1
DA:135,1
DA:136,1
DA:137,1
DA:138,1
DA:139,1
DA:140,1
DA:141,0
DA:142,0
DA:144,1
DA:145,1
DA:146,1
DA:147,1
DA:148,1
DA:149,1
DA:150,1
DA:151,1
DA:152,1
DA:153,1
DA:154,1
DA:155,1
DA:156,1
DA:157,1
DA:158,0
DA:159,0
DA:161,1
DA:162,1
DA:163,1
DA:164,1
DA:165,1
DA:166,1
DA:167,1
DA:168,1
DA:170,1
LF:143
LH:99
BRDA:27,0,0,1
BRDA:96,1,0,0
BRDA:97,2,0,0
BRDA:61,3,0,1
BRDA:74,4,0,1
BRF:5
BRH:3
end_of_record
TN:
SF:src/components/setting/LoginMethodIcon.tsx
FN:4,LoginMethodIcon
FNF:1
FNH:1
FNDA:26,LoginMethodIcon
DA:1,1
DA:2,1
DA:4,1
DA:5,26
DA:6,26
DA:7,13
DA:8,13
DA:9,13
DA:10,13
DA:11,13
DA:13,26
DA:14,13
DA:15,13
DA:16,13
DA:17,13
DA:18,13
DA:20,13
DA:21,13
DA:22,13
DA:23,13
DA:24,13
DA:25,13
DA:26,13
DA:27,13
DA:28,13
DA:29,13
DA:30,13
DA:31,13
DA:32,13
DA:33,13
DA:34,13
DA:35,13
DA:36,13
DA:38,26
DA:39,26
LF:35
LH:35
BRDA:4,0,0,26
BRDA:6,1,0,13
BRDA:13,2,0,13
BRF:3
BRH:3
end_of_record
TN:
SF:src/components/setting/SettingAddKeyForm.tsx
FN:28,SettingAddKeyForm
FNF:1
FNH:0
FNDA:0,SettingAddKeyForm
DA:1,1
DA:2,1
DA:3,1
DA:4,1
DA:5,1
DA:12,1
DA:18,1
DA:19,1
DA:20,1
DA:21,1
DA:22,1
DA:23,1
DA:24,1
DA:25,1
DA:26,1
DA:28,0
DA:29,0
DA:30,0
DA:31,0
DA:32,0
DA:33,0
DA:34,0
DA:35,0
DA:36,0
DA:37,0
DA:39,0
DA:40,0
DA:41,0
DA:42,0
DA:43,0
DA:44,0
DA:45,0
DA:46,0
DA:47,0
DA:48,0
DA:49,0
DA:50,0
DA:51,0
DA:52,0
DA:53,0
DA:54,0
DA:56,0
DA:57,0
DA:58,0
DA:59,0
DA:60,0
DA:61,0
DA:62,0
DA:63,0
DA:64,0
DA:65,0
DA:66,0
DA:67,0
DA:68,0
DA:69,0
DA:70,0
DA:71,0
DA:72,0
DA:73,0
DA:74,0
DA:75,0
DA:76,0
DA:77,0
DA:78,0
DA:79,0
DA:80,0
DA:81,0
DA:82,0
DA:83,0
DA:84,0
DA:85,0
DA:86,0
DA:87,0
DA:88,0
DA:89,0
DA:90,0
DA:91,0
DA:92,0
DA:93,0
DA:94,0
DA:95,0
DA:96,0
DA:97,0
DA:98,0
DA:100,0
DA:101,0
DA:102,0
DA:103,0
DA:104,0
DA:105,0
DA:106,0
DA:107,0
DA:108,0
DA:109,0
DA:110,0
DA:112,0
DA:113,0
DA:114,0
DA:116,0
DA:117,0
DA:118,0
DA:120,0
DA:121,0
DA:123,0
DA:124,0
DA:125,0
DA:126,0
DA:127,0
DA:129,0
LF:109
LH:15
BRF:0
BRH:0
end_of_record
TN:
SF:src/components/setting/SettingFullNameForm.tsx
FN:28,SettingFullNameForm
FN:44,mutationFn
FN:45,onSuccess
FN:49,onError
FN:91,onChange
FN:105,onClick
FNF:6
FNH:1
FNDA:1,SettingFullNameForm
FNDA:0,mutationFn
FNDA:0,onSuccess
FNDA:0,onError
FNDA:0,onChange
FNDA:0,onClick
DA:1,1
DA:2,1
DA:3,1
DA:4,1
DA:5,1
DA:12,1
DA:18,1
DA:19,1
DA:20,1
DA:21,1
DA:22,1
DA:23,1
DA:24,1
DA:25,1
DA:28,1
DA:29,1
DA:30,1
DA:31,1
DA:32,1
DA:33,1
DA:34,1
DA:35,1
DA:36,1
DA:38,1
DA:39,1
DA:40,1
DA:41,1
DA:43,1
DA:44,1
DA:45,1
DA:46,0
DA:47,0
DA:48,0
DA:49,1
DA:50,0
DA:51,0
DA:52,0
DA:53,0
DA:54,0
DA:55,0
DA:56,1
DA:58,1
DA:59,1
DA:60,0
DA:61,0
DA:62,0
DA:63,1
DA:64,0
DA:65,0
DA:66,1
DA:68,1
DA:69,1
DA:70,1
DA:71,1
DA:72,1
DA:73,1
DA:74,1
DA:75,1
DA:76,1
DA:77,1
DA:78,1
DA:79,1
DA:80,1
DA:81,1
DA:82,1
DA:84,0
DA:85,0
DA:86,0
DA:87,0
DA:88,0
DA:89,0
DA:90,0
DA:91,0
DA:92,0
DA:93,0
DA:95,1
DA:96,1
DA:97,1
DA:98,0
DA:99,0
DA:100,0
DA:101,0
DA:102,1
DA:103,0
DA:104,0
DA:105,0
DA:106,0
DA:107,0
DA:109,0
DA:110,0
DA:112,1
DA:113,1
DA:114,1
DA:115,1
DA:116,1
DA:118,1
DA:119,1
DA:120,1
DA:121,1
DA:122,1
DA:123,1
DA:124,1
DA:126,1
DA:127,1
DA:128,1
DA:129,1
DA:130,1
DA:132,1
LF:108
LH:73
BRDA:28,0,0,1
BRDA:82,1,0,0
BRDA:97,2,0,0
BRDA:102,3,0,0
BRDA:58,4,0,1
BRDA:59,5,0,0
BRDA:63,6,0,0
BRF:7
BRH:2
end_of_record
TN:
SF:src/components/setting/SettingKeyTable.tsx
FN:32,SettingKeyTable
FNF:1
FNH:0
FNDA:0,SettingKeyTable
DA:1,1
DA:2,1
DA:3,1
DA:4,1
DA:5,1
DA:13,1
DA:24,1
DA:25,1
DA:26,1
DA:27,1
DA:28,1
DA:29,1
DA:30,1
DA:32,0
DA:33,0
DA:34,0
DA:35,0
DA:36,0
DA:37,0
DA:39,0
DA:40,0
DA:41,0
DA:42,0
DA:43,0
DA:44,0
DA:45,0
DA:46,0
DA:47,0
DA:48,0
DA:49,0
DA:51,0
DA:52,0
DA:53,0
DA:54,0
DA:55,0
DA:56,0
DA:57,0
DA:58,0
DA:59,0
DA:60,0
DA:62,0
DA:63,0
DA:64,0
DA:65,0
DA:66,0
DA:68,0
DA:69,0
DA:70,0
DA:71,0
DA:72,0
DA:73,0
DA:74,0
DA:75,0
DA:76,0
DA:78,0
DA:79,0
DA:80,0
DA:81,0
DA:82,0
DA:83,0
DA:84,0
DA:85,0
DA:86,0
DA:87,0
DA:88,0
DA:89,0
DA:90,0
DA:91,0
DA:92,0
DA:93,0
DA:94,0
DA:95,0
DA:96,0
DA:97,0
DA:98,0
DA:99,0
DA:100,0
DA:101,0
DA:102,0
DA:104,0
DA:105,0
DA:106,0
DA:107,0
DA:108,0
DA:109,0
DA:110,0
DA:111,0
DA:112,0
DA:113,0
DA:114,0
DA:115,0
DA:116,0
DA:117,0
DA:118,0
DA:119,0
DA:120,0
DA:121,0
DA:122,0
DA:123,0
DA:124,0
DA:125,0
DA:126,0
DA:127,0
DA:128,0
DA:129,0
DA:130,0
DA:131,0
DA:132,0
DA:133,0
DA:134,0
DA:135,0
DA:136,0
DA:137,0
DA:138,0
DA:140,0
DA:141,0
DA:142,0
DA:144,0
DA:145,0
DA:146,0
DA:148,0
DA:149,0
DA:151,0
DA:152,0
DA:153,0
DA:154,0
DA:155,0
DA:156,0
DA:158,0
DA:159,0
DA:160,0
DA:161,0
DA:163,0
LF:133
LH:13
BRF:0
BRH:0
end_of_record
TN:
SF:src/components/setting/SettingLinuxUsernameForm.tsx
FN:15,SettingLinuxUsernameForm
FNF:1
FNH:0
FNDA:0,SettingLinuxUsernameForm
DA:1,1
DA:2,1
DA:3,1
DA:10,1
DA:11,1
DA:12,1
DA:13,1
DA:15,0
DA:16,0
DA:17,0
DA:18,0
DA:20,0
DA:21,0
DA:22,0
DA:23,0
DA:25,0
DA:26,0
DA:27,0
DA:28,0
DA:30,0
DA:31,0
DA:32,0
DA:33,0
DA:35,0
DA:36,0
DA:37,0
DA:38,0
DA:39,0
DA:40,0
DA:41,0
DA:42,0
DA:43,0
DA:44,0
DA:45,0
DA:46,0
DA:47,0
DA:48,0
DA:50,0
DA:52,0
DA:53,0
DA:54,0
DA:56,0
LF:42
LH:7
BRF:0
BRH:0
end_of_record
TN:
SF:src/hooks/useAddMember.ts
FN:13,useAddMember
FNF:1
FNH:0
FNDA:0,useAddMember
DA:1,1
DA:2,1
DA:13,1
DA:14,0
DA:16,0
DA:17,0
DA:18,0
DA:19,0
DA:20,0
DA:21,0
DA:22,0
DA:23,0
DA:24,0
DA:25,0
DA:26,0
DA:27,0
LF:16
LH:3
BRF:0
BRH:0
end_of_record
TN:
SF:src/hooks/useArchiveGroup.ts
FN:9,useArchiveGroup
FNF:1
FNH:0
FNDA:0,useArchiveGroup
DA:1,1
DA:2,1
DA:9,1
DA:10,0
DA:11,0
DA:12,0
DA:13,0
DA:15,0
DA:16,0
DA:17,0
DA:18,0
DA:19,0
DA:20,0
DA:21,0
DA:22,0
DA:23,0
DA:24,0
DA:25,0
DA:26,0
DA:27,0
LF:20
LH:3
BRF:0
BRH:0
end_of_record
TN:
SF:src/hooks/useCreateGroup.ts
FN:5,useCreateGroup
FNF:1
FNH:0
FNDA:0,useCreateGroup
DA:1,1
DA:2,1
DA:5,1
DA:8,0
DA:9,0
DA:11,0
DA:12,0
DA:13,0
DA:14,0
DA:15,0
DA:16,0
DA:17,0
DA:18,0
DA:19,0
DA:20,0
DA:21,0
DA:22,0
LF:17
LH:3
BRF:0
BRH:0
end_of_record
TN:
SF:src/hooks/useGetGroupById.ts
FN:5,useGetGroupById
FNF:1
FNH:0
FNDA:0,useGetGroupById
DA:1,1
DA:2,1
DA:5,1
DA:6,0
DA:7,0
DA:8,0
DA:9,0
DA:10,0
DA:11,0
LF:9
LH:3
BRF:0
BRH:0
end_of_record
TN:
SF:src/hooks/useGetGroups.ts
FN:5,useGetGroups
FNF:1
FNH:1
FNDA:3,useGetGroups
DA:1,1
DA:2,1
DA:5,1
DA:6,3
DA:7,3
DA:8,3
DA:9,3
DA:10,3
LF:8
LH:8
BRDA:5,0,0,3
BRF:1
BRH:1
end_of_record
TN:
SF:src/hooks/useGetMembers.ts
FN:5,useGetMembers
FNF:1
FNH:0
FNDA:0,useGetMembers
DA:1,1
DA:2,1
DA:5,1
DA:6,0
DA:7,0
DA:8,0
DA:9,0
DA:10,0
DA:11,0
DA:12,0
LF:10
LH:3
BRF:0
BRH:0
end_of_record
TN:
SF:src/hooks/useGetPendingMembers.ts
FN:5,useGetPendingMembers
FNF:1
FNH:0
FNDA:0,useGetPendingMembers
DA:1,1
DA:2,1
DA:5,1
DA:6,0
DA:7,0
DA:8,0
DA:9,0
DA:10,0
DA:11,0
DA:12,0
LF:10
LH:3
BRF:0
BRH:0
end_of_record
TN:
SF:src/hooks/useGlobalPermissions.ts
FN:4,useGlobalPermissions
FNF:1
FNH:1
FNDA:3,useGlobalPermissions
DA:1,1
DA:2,1
DA:4,1
DA:5,3
DA:6,3
DA:7,3
DA:8,3
DA:9,3
DA:10,3
DA:11,3
LF:10
LH:10
BRDA:4,0,0,3
BRF:1
BRH:1
end_of_record
TN:
SF:src/hooks/useGlobalRole.ts
FN:6,useGlobalRole
FNF:1
FNH:1
FNDA:3,useGlobalRole
DA:2,1
DA:4,1
DA:6,1
DA:7,3
DA:8,3
DA:10,3
DA:11,3
DA:13,3
DA:14,3
DA:15,0
DA:16,0
DA:17,0
DA:18,3
LF:13
LH:10
BRDA:6,0,0,3
BRDA:8,1,0,0
BRDA:14,2,0,0
BRF:3
BRH:1
end_of_record
TN:
SF:src/hooks/useGroupLinks.ts
FN:1,(empty-report)
FNF:1
FNH:0
FNDA:0,(empty-report)
DA:1,0
DA:2,0
DA:7,0
DA:10,0
DA:11,0
DA:13,0
DA:14,0
DA:15,0
DA:16,0
DA:17,0
DA:18,0
DA:19,0
DA:20,0
DA:21,0
DA:22,0
DA:23,0
DA:24,0
DA:25,0
LF:18
LH:0
BRDA:1,0,0,0
BRF:1
BRH:0
end_of_record
TN:
SF:src/hooks/useGroupRoles.ts
FN:1,(empty-report)
FNF:1
FNH:0
FNDA:0,(empty-report)
DA:1,0
DA:2,0
DA:4,0
DA:5,0
DA:6,0
DA:7,0
DA:8,0
DA:9,0
LF:8
LH:0
BRDA:1,0,0,0
BRF:1
BRH:0
end_of_record
TN:
SF:src/hooks/useJobs.ts
FN:1,(empty-report)
FNF:1
FNH:0
FNDA:0,(empty-report)
DA:1,0
DA:2,0
DA:4,0
DA:6,0
DA:7,0
DA:8,0
DA:9,0
DA:10,0
LF:8
LH:0
BRDA:1,0,0,0
BRF:1
BRH:0
end_of_record
TN:
SF:src/hooks/useJwtPayload.ts
FN:5,useJwtPayload
FNF:1
FNH:0
FNDA:0,useJwtPayload
DA:1,1
DA:2,1
DA:5,1
DA:6,0
DA:7,0
DA:9,0
DA:10,0
DA:11,0
DA:12,0
DA:13,0
DA:14,0
DA:15,0
LF:12
LH:3
BRF:0
BRH:0
end_of_record
TN:
SF:src/hooks/usePartitions.ts
FN:1,(empty-report)
FNF:1
FNH:0
FNDA:0,(empty-report)
DA:1,0
DA:2,0
DA:4,0
DA:6,0
DA:7,0
DA:8,0
DA:9,0
DA:10,0
LF:8
LH:0
BRDA:1,0,0,0
BRF:1
BRH:0
end_of_record
TN:
SF:src/hooks/useRemoveMember.ts
FN:9,useRemoveMember
FNF:1
FNH:0
FNDA:0,useRemoveMember
DA:1,1
DA:2,1
DA:9,1
DA:10,0
DA:11,0
DA:12,0
DA:13,0
DA:15,0
DA:16,0
DA:17,0
DA:18,0
DA:19,0
DA:20,0
DA:21,0
DA:22,0
DA:23,0
DA:24,0
DA:25,0
DA:26,0
LF:19
LH:3
BRF:0
BRH:0
end_of_record
TN:
SF:src/hooks/useRemovePendingMember.ts
FN:5,useRemovePendingMember
FNF:1
FNH:0
FNDA:0,useRemovePendingMember
DA:1,1
DA:2,1
DA:5,1
DA:6,0
DA:8,0
DA:9,0
DA:10,0
DA:11,0
DA:12,0
DA:13,0
DA:14,0
DA:15,0
LF:12
LH:3
BRF:0
BRH:0
end_of_record
TN:
SF:src/hooks/useRoleMapper.ts
FN:6,fetchRoles
FN:15,useRoleMapper
FNF:2
FNH:0
FNDA:0,fetchRoles
FNDA:0,useRoleMapper
DA:1,1
DA:3,1
DA:4,1
DA:6,0
DA:7,0
DA:8,0
DA:9,0
DA:10,0
DA:11,0
DA:12,0
DA:13,0
DA:15,1
DA:16,0
DA:17,0
DA:18,0
DA:19,0
DA:20,0
DA:21,0
DA:22,0
DA:23,0
DA:24,0
DA:25,0
DA:27,0
DA:28,0
DA:30,0
DA:32,0
DA:33,0
DA:34,0
DA:35,0
DA:36,0
DA:37,0
DA:38,0
DA:39,0
DA:40,0
DA:42,0
DA:43,0
DA:44,0
DA:45,0
DA:46,0
DA:47,0
DA:48,0
DA:49,0
DA:50,0
LF:43
LH:4
BRF:0
BRH:0
end_of_record
TN:
SF:src/hooks/useTransferGroupOwner.ts
FN:7,useTransferGroupOwner
FNF:1
FNH:0
FNDA:0,useTransferGroupOwner
DA:1,1
DA:2,1
DA:7,1
DA:8,0
DA:9,0
DA:10,0
DA:11,0
DA:12,0
DA:13,0
DA:15,0
DA:16,0
DA:17,0
LF:12
LH:3
BRF:0
BRH:0
end_of_record
TN:
SF:src/hooks/useUnarchiveGroup.ts
FN:9,useUnarchiveGroup
FNF:1
FNH:0
FNDA:0,useUnarchiveGroup
DA:1,1
DA:2,1
DA:9,1
DA:10,0
DA:11,0
DA:12,0
DA:13,0
DA:15,0
DA:16,0
DA:17,0
DA:18,0
DA:19,0
DA:20,0
DA:21,0
DA:22,0
DA:23,0
DA:24,0
DA:25,0
DA:26,0
DA:27,0
LF:20
LH:3
BRF:0
BRH:0
end_of_record
TN:
SF:src/hooks/useUpdateMember.ts
FN:5,useUpdateMember
FNF:1
FNH:0
FNDA:0,useUpdateMember
DA:1,1
DA:2,1
DA:5,1
DA:6,0
DA:8,0
DA:9,0
DA:10,0
DA:11,0
DA:12,0
DA:13,0
DA:14,0
LF:11
LH:3
BRF:0
BRH:0
end_of_record
TN:
SF:src/hooks/useUpdatePendingMember.ts
FN:5,useUpdatePendingMember
FNF:1
FNH:0
FNDA:0,useUpdatePendingMember
DA:1,1
DA:2,1
DA:5,1
DA:6,0
DA:8,0
DA:9,0
DA:10,0
DA:11,0
DA:12,0
DA:13,0
DA:14,0
DA:15,0
LF:12
LH:3
BRF:0
BRH:0
end_of_record
TN:
SF:src/hooks/useUserAutocomplete.ts
FN:26,useUserAutocomplete
FNF:1
FNH:0
FNDA:0,useUserAutocomplete
DA:1,1
DA:2,1
DA:3,1
DA:26,1
DA:27,0
DA:28,0
DA:29,0
DA:30,0
DA:31,0
DA:32,0
DA:34,0
DA:35,0
DA:36,0
DA:37,0
DA:38,0
DA:39,0
DA:40,0
DA:41,0
DA:42,0
DA:44,0
DA:45,0
DA:46,0
DA:47,0
DA:49,0
DA:50,0
DA:51,0
DA:52,0
DA:53,0
DA:54,0
DA:55,0
DA:56,0
DA:57,0
DA:58,0
DA:60,0
DA:61,0
DA:62,0
DA:63,0
DA:66,0
DA:67,0
DA:68,0
DA:69,0
DA:71,0
DA:73,0
DA:74,0
DA:75,0
DA:77,0
DA:79,0
DA:80,0
DA:81,0
DA:83,0
DA:84,0
DA:85,0
DA:86,0
DA:88,0
DA:89,0
DA:90,0
DA:91,0
DA:92,0
DA:94,0
DA:95,0
DA:96,0
DA:97,0
DA:98,0
DA:100,0
DA:101,0
DA:102,0
DA:103,0
DA:104,0
DA:105,0
DA:106,0
DA:107,0
DA:108,0
DA:109,0
DA:110,0
DA:111,0
DA:112,0
DA:113,0
DA:114,0
LF:78
LH:4
BRF:0
BRH:0
end_of_record
TN:
SF:src/lib/groupPermissions.ts
FN:9,getGroupPermissions
FNF:1
FNH:1
FNDA:48,getGroupPermissions
DA:1,1
DA:9,1
DA:10,48
DA:11,48
DA:12,48
DA:13,48
DA:14,48
DA:15,48
DA:16,48
DA:17,48
DA:18,48
LF:11
LH:11
BRDA:9,0,0,48
BRF:1
BRH:1
end_of_record
TN:
SF:src/lib/permission.ts
FN:9,isGlobalAdmin
FN:13,canCreateGroup
FN:17,canEditMembers
FN:28,canArchiveGroup
FN:35,isReadonlyMember
FNF:5
FNH:5
FNDA:6,isGlobalAdmin
FNDA:3,canCreateGroup
FNDA:48,canEditMembers
FNDA:48,canArchiveGroup
FNDA:48,isReadonlyMember
DA:1,1
DA:9,1
DA:10,6
DA:11,6
DA:13,1
DA:14,3
DA:15,3
DA:17,1
DA:18,48
DA:19,48
DA:20,48
DA:21,48
DA:22,48
DA:23,48
DA:24,39
DA:26,48
DA:28,1
DA:29,48
DA:30,48
DA:31,48
DA:32,48
DA:33,48
DA:35,1
DA:36,48
DA:37,48
DA:38,48
DA:39,48
DA:40,48
DA:42,1
DA:43,1
DA:44,1
DA:45,1
DA:46,1
LF:33
LH:33
BRDA:9,0,0,6
BRDA:10,1,0,0
BRDA:13,2,0,3
BRDA:17,3,0,48
BRDA:23,4,0,39
BRDA:28,5,0,48
BRDA:35,6,0,48
BRDA:39,7,0,39
BRF:8
BRH:7
end_of_record
TN:
SF:src/lib/token.ts
FN:6,getAccessToken
FN:10,getRefreshToken
FNF:2
FNH:1
FNDA:1,getAccessToken
FNDA:0,getRefreshToken
DA:2,1
DA:4,1
DA:6,1
DA:7,1
DA:8,1
DA:10,1
DA:11,0
DA:12,0
LF:8
LH:6
BRDA:6,0,0,1
BRDA:7,1,0,0
BRF:2
BRH:1
end_of_record
TN:
SF:src/lib/utils.ts
FN:4,cn
FNF:1
FNH:1
FNDA:22411,cn
DA:1,1
DA:2,1
DA:4,1
DA:5,22411
DA:6,22411
LF:5
LH:5
BRDA:4,0,0,22411
BRF:1
BRH:1
end_of_record
TN:
SF:src/lib/auth/authContext.ts
FN:14,login
FN:18,setCookiesForAuthToken
FN:22,handleLogout
FN:26,isLoggedIn
FNF:4
FNH:0
FNDA:0,login
FNDA:0,setCookiesForAuthToken
FNDA:0,handleLogout
FNDA:0,isLoggedIn
DA:1,1
DA:13,1
DA:14,1
DA:15,0
DA:16,0
DA:18,1
DA:19,0
DA:20,0
DA:22,1
DA:23,0
DA:24,0
DA:26,1
DA:27,0
DA:28,0
DA:29,0
DA:31,1
DA:32,1
LF:17
LH:8
BRF:0
BRH:0
end_of_record
TN:
SF:src/lib/mocks/jobData.ts
FN:1,(empty-report)
FNF:1
FNH:1
FNDA:1,(empty-report)
DA:20,0
DA:21,0
DA:22,0
DA:23,0
DA:24,0
DA:25,0
DA:26,0
DA:27,0
DA:28,0
DA:29,0
DA:30,0
DA:31,0
DA:32,0
DA:33,0
DA:34,0
DA:35,0
DA:36,0
DA:37,0
DA:38,0
DA:39,0
DA:40,0
DA:41,0
DA:42,0
DA:43,0
DA:44,0
DA:45,0
DA:46,0
DA:47,0
DA:48,0
DA:49,0
DA:50,0
DA:51,0
DA:52,0
DA:53,0
DA:54,0
DA:55,0
DA:56,0
DA:57,0
DA:58,0
DA:59,0
DA:60,0
DA:61,0
DA:62,0
DA:63,0
DA:64,0
DA:65,0
DA:66,0
DA:68,0
LF:48
LH:0
BRDA:1,0,0,1
BRF:1
BRH:1
end_of_record
TN:
SF:src/lib/mocks/jobLogic.ts
FN:1,(empty-report)
FNF:1
FNH:0
FNDA:0,(empty-report)
DA:1,0
DA:30,0
DA:31,0
DA:32,0
DA:34,0
DA:35,0
DA:36,0
DA:37,0
DA:38,0
DA:40,0
DA:41,0
DA:43,0
DA:44,0
DA:45,0
DA:47,0
DA:48,0
DA:49,0
DA:50,0
DA:52,0
DA:53,0
DA:54,0
DA:56,0
DA:57,0
DA:58,0
DA:59,0
DA:60,0
DA:61,0
DA:62,0
DA:63,0
DA:64,0
DA:66,0
DA:67,0
DA:68,0
DA:70,0
DA:71,0
DA:72,0
DA:75,0
DA:76,0
DA:77,0
DA:78,0
DA:80,0
DA:81,0
DA:82,0
DA:83,0
DA:84,0
DA:85,0
DA:86,0
DA:88,0
DA:89,0
DA:91,0
DA:92,0
DA:93,0
DA:94,0
DA:95,0
DA:96,0
DA:97,0
DA:98,0
DA:99,0
DA:102,0
DA:105,0
DA:106,0
DA:107,0
DA:108,0
DA:109,0
DA:110,0
DA:111,0
DA:112,0
DA:113,0
DA:114,0
DA:115,0
DA:116,0
DA:117,0
DA:118,0
DA:119,0
DA:120,0
DA:121,0
DA:122,0
DA:123,0
DA:124,0
DA:125,0
DA:126,0
DA:127,0
DA:128,0
DA:129,0
DA:130,0
DA:131,0
DA:132,0
DA:133,0
DA:134,0
DA:135,0
DA:136,0
DA:137,0
DA:138,0
DA:139,0
DA:140,0
DA:141,0
DA:142,0
DA:145,0
DA:146,0
DA:147,0
DA:148,0
DA:149,0
LF:102
LH:0
BRDA:1,0,0,0
BRF:1
BRH:0
end_of_record
TN:
SF:src/lib/request/addMember.ts
FN:9,addMember
FNF:1
FNH:0
FNDA:0,addMember
DA:7,1
DA:9,0
DA:10,0
DA:11,0
DA:12,0
DA:13,0
DA:14,0
DA:15,0
DA:16,0
DA:17,0
DA:18,0
DA:19,0
DA:20,0
LF:13
LH:1
BRF:0
BRH:0
end_of_record
TN:
SF:src/lib/request/api.ts
FN:6,api
FNF:1
FNH:1
FNDA:32,api
DA:1,1
DA:3,1
DA:6,32
DA:7,32
DA:8,32
DA:9,32
DA:10,32
DA:12,32
DA:13,32
DA:14,32
DA:15,32
DA:17,32
DA:18,11
DA:19,11
DA:21,31
DA:22,31
DA:23,31
DA:24,31
DA:26,24
DA:27,11
DA:28,11
DA:30,11
DA:31,11
DA:32,11
DA:33,11
DA:34,11
DA:36,6
DA:37,11
DA:38,11
DA:39,11
DA:40,11
DA:41,11
DA:44,24
DA:45,1
DA:46,1
DA:48,11
DA:49,11
LF:37
LH:37
BRDA:6,0,0,32
BRDA:17,1,0,31
BRDA:17,2,0,11
BRDA:24,3,0,24
BRDA:24,4,0,23
BRDA:26,5,0,11
BRDA:31,6,0,5
BRDA:32,7,0,2
BRDA:33,8,0,0
BRDA:34,9,0,6
BRDA:41,10,0,12
BRDA:44,11,0,1
BRDA:46,12,0,11
BRF:13
BRH:12
end_of_record
TN:
SF:src/lib/request/archiveGroup.ts
FN:3,archiveGroup
FNF:1
FNH:0
FNDA:0,archiveGroup
DA:1,1
DA:3,0
DA:4,0
DA:5,0
DA:6,0
DA:7,0
LF:6
LH:1
BRF:0
BRH:0
end_of_record
TN:
SF:src/lib/request/bindLoginMethods.ts
FN:7,bindLoginMethods
FNF:1
FNH:0
FNDA:0,bindLoginMethods
DA:1,1
DA:7,0
DA:8,0
DA:9,0
DA:10,0
DA:11,0
DA:12,0
DA:13,0
DA:14,0
DA:15,0
LF:10
LH:1
BRF:0
BRH:0
end_of_record
TN:
SF:src/lib/request/createGroup.ts
FN:4,createGroup
FNF:1
FNH:0
FNDA:0,createGroup
DA:1,1
DA:4,0
DA:5,0
DA:6,0
DA:7,0
DA:8,0
DA:9,0
DA:10,0
DA:11,0
LF:9
LH:1
BRF:0
BRH:0
end_of_record
TN:
SF:src/lib/request/createRoleConfig.ts
FN:4,createRoleConfig
FNF:1
FNH:0
FNDA:0,createRoleConfig
DA:1,1
DA:4,0
DA:5,0
DA:6,0
DA:7,0
DA:8,0
DA:9,0
DA:10,0
DA:11,0
LF:9
LH:1
BRF:0
BRH:0
end_of_record
TN:
SF:src/lib/request/deletePublicKey.ts
FN:3,deletePublicKey
FNF:1
FNH:0
FNDA:0,deletePublicKey
DA:1,1
DA:3,0
DA:4,0
DA:5,0
DA:6,0
DA:7,0
DA:8,0
LF:7
LH:1
BRF:0
BRH:0
end_of_record
TN:
SF:src/lib/request/getGroupById.ts
FN:4,getGroupById
FNF:1
FNH:0
FNDA:0,getGroupById
DA:1,1
DA:4,0
DA:5,0
DA:6,0
LF:4
LH:1
BRF:0
BRH:0
end_of_record
TN:
SF:src/lib/request/getGroups.ts
FN:4,getGroups
FNF:1
FNH:1
FNDA:2,getGroups
DA:1,1
DA:4,2
DA:6,2
DA:7,2
LF:4
LH:4
BRDA:4,0,0,2
BRF:1
BRH:1
end_of_record
TN:
SF:src/lib/request/getMembers.ts
FN:4,getMembers
FNF:1
FNH:0
FNDA:0,getMembers
DA:1,1
DA:4,0
DA:5,0
DA:6,0
DA:7,0
DA:8,0
DA:10,0
DA:11,0
DA:12,0
LF:9
LH:1
BRF:0
BRH:0
end_of_record
TN:
SF:src/lib/request/getPublicKey.ts
FN:4,getPublicKey
FNF:1
FNH:0
FNDA:0,getPublicKey
DA:1,1
DA:4,0
DA:5,0
DA:6,0
LF:4
LH:1
BRF:0
BRH:0
end_of_record
TN:
SF:src/lib/request/getRoleConfigs.ts
FN:4,getRoleConfigs
FNF:1
FNH:1
FNDA:1,getRoleConfigs
DA:1,1
DA:4,1
DA:5,1
DA:6,1
LF:4
LH:4
BRDA:4,0,0,1
BRF:1
BRH:1
end_of_record
TN:
SF:src/lib/request/getRoles.ts
FN:1,(empty-report)
FNF:1
FNH:1
FNDA:1,(empty-report)
DA:2,0
DA:5,0
DA:6,0
DA:7,0
LF:4
LH:0
BRDA:1,0,0,1
BRF:1
BRH:1
end_of_record
TN:
SF:src/lib/request/getSettings.ts
FN:4,getSettings
FNF:1
FNH:1
FNDA:2,getSettings
DA:1,1
DA:4,2
DA:11,2
DA:12,2
DA:13,2
LF:5
LH:5
BRDA:4,0,0,2
BRF:1
BRH:1
end_of_record
TN:
SF:src/lib/request/groupLinks.ts
FN:1,(empty-report)
FNF:1
FNH:0
FNDA:0,(empty-report)
DA:1,0
DA:5,0
DA:6,0
DA:7,0
DA:8,0
DA:11,0
DA:12,0
DA:13,0
DA:14,0
DA:15,0
DA:16,0
DA:19,0
DA:20,0
DA:21,0
DA:22,0
DA:23,0
DA:24,0
DA:25,0
DA:26,0
DA:27,0
DA:28,0
DA:31,0
DA:32,0
DA:33,0
DA:34,0
DA:35,0
DA:36,0
DA:37,0
DA:38,0
LF:29
LH:0
BRDA:1,0,0,0
BRF:1
BRH:0
end_of_record
TN:
SF:src/lib/request/groupPendingMembers.ts
FN:10,getPendingMembers
FN:18,updatePendingMember
FN:30,removePendingMember
FNF:3
FNH:0
FNDA:0,getPendingMembers
FNDA:0,updatePendingMember
FNDA:0,removePendingMember
DA:1,1
DA:10,0
DA:11,0
DA:12,0
DA:13,0
DA:14,0
DA:15,0
DA:18,0
DA:19,0
DA:20,0
DA:21,0
DA:22,0
DA:23,0
DA:24,0
DA:25,0
DA:26,0
DA:27,0
DA:30,0
DA:31,0
DA:32,0
DA:33,0
DA:34,0
DA:35,0
DA:36,0
DA:37,0
LF:25
LH:1
BRF:0
BRH:0
end_of_record
TN:
SF:src/lib/request/jobs.ts
FN:81,getJobs
FN:95,getJobCounts
FN:103,getPartitions
FN:108,createJob
FNF:4
FNH:2
FNDA:1,getJobs
FNDA:1,getJobCounts
FNDA:0,getPartitions
FNDA:0,createJob
DA:1,1
DA:81,1
DA:82,1
DA:83,1
DA:84,1
DA:85,1
DA:86,1
DA:87,1
DA:88,1
DA:90,1
DA:91,1
DA:92,1
DA:95,1
DA:96,1
DA:97,0
DA:98,1
DA:99,1
DA:100,1
DA:103,0
DA:104,0
DA:105,0
DA:108,0
DA:109,0
DA:110,0
DA:111,0
DA:112,0
DA:113,0
LF:27
LH:17
BRDA:81,0,0,1
BRDA:87,1,0,0
BRDA:88,2,0,0
BRDA:90,3,0,0
BRDA:95,4,0,1
BRDA:96,5,0,0
BRF:6
BRH:2
end_of_record
TN:
SF:src/lib/request/logout.ts
FN:1,(empty-report)
FNF:1
FNH:0
FNDA:0,(empty-report)
DA:1,0
DA:3,0
DA:4,0
DA:5,0
LF:4
LH:0
BRDA:1,0,0,0
BRF:1
BRH:0
end_of_record
TN:
SF:src/lib/request/refreshAuthToken.ts
FN:4,refreshAuthToken
FNF:1
FNH:1
FNDA:1,refreshAuthToken
DA:1,1
DA:4,1
DA:5,1
DA:6,1
DA:7,1
DA:8,0
DA:9,0
DA:10,0
DA:11,1
DA:12,1
LF:10
LH:7
BRDA:4,0,0,1
BRDA:7,1,0,0
BRF:2
BRH:1
end_of_record
TN:
SF:src/lib/request/removeMember.ts
FN:3,removeMember
FNF:1
FNH:0
FNDA:0,removeMember
DA:1,1
DA:3,0
DA:4,0
DA:5,0
DA:6,0
DA:7,0
DA:8,0
DA:9,0
DA:10,0
LF:9
LH:1
BRF:0
BRH:0
end_of_record
TN:
SF:src/lib/request/removeRoleConfig.ts
FN:3,removeRoleConfig
FNF:1
FNH:0
FNDA:0,removeRoleConfig
DA:1,1
DA:3,0
DA:4,0
DA:5,0
DA:6,0
DA:7,0
LF:6
LH:1
BRF:0
BRH:0
end_of_record
TN:
SF:src/lib/request/saveOnboardingInfo.ts
FN:4,saveOnboardingInfo
FNF:1
FNH:0
FNDA:0,saveOnboardingInfo
DA:1,1
DA:4,0
DA:5,0
DA:6,0
DA:7,0
DA:8,0
DA:9,0
LF:7
LH:1
BRF:0
BRH:0
end_of_record
TN:
SF:src/lib/request/savePublicKey.ts
FN:3,savePublicKey
FNF:1
FNH:0
FNDA:0,savePublicKey
DA:1,1
DA:3,0
DA:6,0
DA:7,0
DA:8,0
DA:9,0
DA:10,0
DA:11,0
LF:8
LH:1
BRF:0
BRH:0
end_of_record
TN:
SF:src/lib/request/saveSettings.ts
FN:4,saveSettings
FNF:1
FNH:0
FNDA:0,saveSettings
DA:1,1
DA:4,0
DA:5,0
DA:6,0
DA:7,0
DA:8,0
DA:9,0
LF:7
LH:1
BRF:0
BRH:0
end_of_record
TN:
SF:src/lib/request/searchUser.tsx
FN:11,searchUser
FNF:1
FNH:0
FNDA:0,searchUser
DA:1,1
DA:11,1
DA:12,0
DA:13,0
DA:14,0
DA:15,0
DA:16,0
DA:17,0
DA:18,0
DA:19,0
DA:20,0
DA:21,0
DA:22,0
DA:23,0
DA:24,0
DA:25,0
DA:27,0
DA:28,0
DA:29,0
DA:31,0
DA:32,0
DA:33,0
LF:22
LH:2
BRF:0
BRH:0
end_of_record
TN:
SF:src/lib/request/transferGroupOwner.ts
FN:7,transferGroupOwner
FNF:1
FNH:0
FNDA:0,transferGroupOwner
DA:1,1
DA:7,0
DA:8,0
DA:9,0
DA:10,0
DA:11,0
DA:12,0
DA:13,0
DA:14,0
DA:15,0
LF:10
LH:1
BRF:0
BRH:0
end_of_record
TN:
SF:src/lib/request/unarchiveGroup.ts
FN:3,unarchiveGroup
FNF:1
FNH:0
FNDA:0,unarchiveGroup
DA:1,1
DA:3,0
DA:4,0
DA:5,0
DA:6,0
DA:7,0
LF:6
LH:1
BRF:0
BRH:0
end_of_record
TN:
SF:src/lib/request/updateMember.ts
FN:4,updateMember
FNF:1
FNH:0
FNDA:0,updateMember
DA:1,1
DA:4,0
DA:5,0
DA:6,0
DA:7,0
DA:8,0
DA:9,0
DA:10,0
DA:11,0
DA:12,0
DA:13,0
LF:11
LH:1
BRF:0
BRH:0
end_of_record
TN:
SF:src/lib/request/updateRoleConfig.ts
FN:4,updateRoleConfig
FNF:1
FNH:0
FNDA:0,updateRoleConfig
DA:1,1
DA:4,0
DA:5,0
DA:6,0
DA:7,0
DA:8,0
DA:9,0
DA:10,0
DA:11,0
DA:12,0
LF:10
LH:1
BRF:0
BRH:0
end_of_record
TN:
SF:src/pages/BindCallback.tsx
FN:5,BindCallback
FNF:1
FNH:0
FNDA:0,BindCallback
DA:1,1
DA:2,1
DA:3,1
DA:5,0
DA:6,0
DA:7,0
DA:8,0
DA:10,0
DA:11,0
DA:12,0
DA:13,0
DA:14,0
DA:16,0
DA:17,0
DA:18,0
DA:19,0
DA:20,0
DA:21,0
DA:22,0
DA:23,0
DA:24,0
DA:26,0
DA:27,0
DA:28,0
DA:30,0
DA:31,0
LF:26
LH:3
BRF:0
BRH:0
end_of_record
TN:
SF:src/pages/Home.tsx
FN:6,Home
FN:16,onClick
FN:22,onClick
FN:34,onClick
FN:40,onClick
FNF:5
FNH:1
FNDA:2,Home
FNDA:0,onClick
FNDA:0,onClick
FNDA:0,onClick
FNDA:0,onClick
DA:1,1
DA:2,1
DA:3,1
DA:4,1
DA:6,2
DA:7,2
DA:8,2
DA:10,2
DA:11,2
DA:12,2
DA:13,2
DA:14,2
DA:15,2
DA:16,2
DA:17,2
DA:18,2
DA:20,2
DA:21,2
DA:22,2
DA:23,2
DA:24,2
DA:26,2
DA:27,2
DA:28,2
DA:29,2
DA:30,2
DA:32,2
DA:33,2
DA:34,2
DA:35,2
DA:36,2
DA:38,2
DA:39,2
DA:40,2
DA:41,2
DA:42,2
DA:44,2
DA:45,2
DA:47,2
LF:39
LH:39
BRDA:6,0,0,2
BRDA:10,1,0,2
BRF:2
BRH:2
end_of_record
TN:
SF:src/pages/JobSubmitPage.tsx
FN:3,JobSubmitPage
FNF:1
FNH:0
FNDA:0,JobSubmitPage
DA:1,1
DA:3,0
DA:4,0
DA:5,0
LF:4
LH:1
BRF:0
BRH:0
end_of_record
TN:
SF:src/pages/Login.tsx
FN:3,Login
FNF:1
FNH:0
FNDA:0,Login
DA:1,1
DA:3,0
DA:4,0
DA:5,0
DA:6,0
DA:7,0
DA:8,0
DA:9,0
DA:10,0
DA:11,0
DA:13,0
LF:11
LH:1
BRF:0
BRH:0
end_of_record
TN:
SF:src/pages/LoginCallback.tsx
FN:9,LoginCallback
FNF:1
FNH:0
FNDA:0,LoginCallback
DA:1,1
DA:2,1
DA:3,1
DA:4,1
DA:5,1
DA:7,1
DA:9,0
DA:10,0
DA:11,0
DA:12,0
DA:13,0
DA:15,0
DA:16,0
DA:17,0
DA:18,0
DA:19,0
DA:21,0
DA:22,0
DA:23,0
DA:24,0
DA:25,0
DA:27,0
DA:28,0
DA:29,0
DA:30,0
DA:31,0
DA:33,0
DA:34,0
DA:35,0
DA:36,0
DA:37,0
DA:38,0
DA:40,0
DA:41,0
DA:42,0
DA:44,0
DA:45,0
LF:37
LH:6
BRF:0
BRH:0
end_of_record
TN:
SF:src/pages/Onboarding.tsx
FN:3,Onboarding
FNF:1
FNH:0
FNDA:0,Onboarding
DA:1,1
DA:3,0
DA:4,0
DA:5,0
DA:6,0
DA:7,0
DA:9,0
LF:7
LH:1
BRF:0
BRH:0
end_of_record
TN:
SF:src/pages/admin/RoleConfiguration.tsx
FN:3,RoleConfiguration
FNF:1
FNH:1
FNDA:1,RoleConfiguration
DA:1,1
DA:3,1
DA:4,1
DA:5,1
DA:6,1
DA:7,1
DA:9,1
LF:7
LH:7
BRDA:3,0,0,1
BRF:1
BRH:1
end_of_record
TN:
SF:src/pages/group/AddMemberPage.tsx
FN:20,AddMemberPage
FN:33,onSuccess
FN:45,updateRow
FN:51,addRow
FN:54,removeRow
FN:59,handleSave
FN:76,handleAddBatch
FN:126,onClick
FNF:8
FNH:8
FNDA:83,AddMemberPage
FNDA:1,onSuccess
FNDA:73,updateRow
FNDA:1,addRow
FNDA:1,removeRow
FNDA:3,handleSave
FNDA:1,handleAddBatch
FNDA:1,onClick
DA:1,1
DA:2,1
DA:3,1
DA:4,1
DA:5,1
DA:6,1
DA:7,1
DA:8,1
DA:9,1
DA:17,1
DA:18,1
DA:20,83
DA:21,83
DA:22,83
DA:23,83
DA:24,83
DA:25,83
DA:26,83
DA:28,83
DA:30,83
DA:32,83
DA:33,83
DA:34,83
DA:36,83
DA:37,83
DA:38,82
DA:39,82
DA:40,1
DA:43,83
DA:45,83
DA:46,73
DA:47,73
DA:48,73
DA:49,73
DA:51,83
DA:52,1
DA:54,83
DA:55,1
DA:56,1
DA:57,1
DA:59,83
DA:60,3
DA:61,4
DA:62,4
DA:63,4
DA:64,4
DA:65,4
DA:66,4
DA:67,3
DA:68,3
DA:69,3
DA:71,83
DA:72,83
DA:73,113
DA:74,83
DA:76,83
DA:77,1
DA:78,1
DA:79,1
DA:80,1
DA:82,83
DA:83,83
DA:84,83
DA:85,83
DA:86,83
DA:87,83
DA:88,83
DA:89,83
DA:90,83
DA:91,83
DA:92,83
DA:93,83
DA:94,83
DA:95,83
DA:96,83
DA:97,83
DA:98,83
DA:99,113
DA:100,113
DA:101,113
DA:103,113
DA:104,113
DA:105,113
DA:106,113
DA:107,113
DA:108,113
DA:109,113
DA:110,113
DA:111,113
DA:112,113
DA:113,113
DA:114,113
DA:115,113
DA:116,113
DA:117,113
DA:119,83
DA:120,83
DA:121,83
DA:123,83
DA:124,83
DA:125,83
DA:126,83
DA:127,83
DA:129,83
DA:130,83
DA:131,83
DA:132,83
DA:133,83
DA:135,83
DA:136,83
DA:137,83
DA:138,83
DA:139,83
DA:141,83
LF:114
LH:114
BRDA:20,0,0,83
BRDA:37,1,0,1
BRDA:37,2,0,82
BRDA:39,3,0,1
BRDA:40,4,0,81
BRDA:43,5,0,0
BRDA:133,6,0,79
BRDA:33,7,0,1
BRDA:45,8,0,73
BRDA:51,9,0,1
BRDA:54,10,0,1
BRDA:56,11,0,0
BRDA:55,12,0,2
BRDA:59,13,0,3
BRDA:60,14,0,4
BRDA:62,15,0,0
BRDA:72,16,0,113
BRDA:73,17,0,143
BRDA:76,18,0,1
BRDA:79,19,0,1
BRDA:98,20,0,113
BRDA:100,21,0,177
BRDA:101,22,0,64
BRDA:126,23,0,1
BRF:24
BRH:21
end_of_record
TN:
SF:src/pages/group/AddMemberResult.tsx
FN:6,AddMemberResult
FNF:1
FNH:0
FNDA:0,AddMemberResult
DA:1,1
DA:2,1
DA:3,1
DA:6,0
DA:7,0
DA:8,0
DA:9,0
DA:10,0
DA:12,0
DA:13,0
DA:14,0
DA:15,0
DA:16,0
DA:18,0
DA:19,0
DA:20,0
DA:22,0
DA:23,0
DA:24,0
DA:25,0
DA:26,0
DA:27,0
DA:28,0
DA:29,0
DA:30,0
DA:31,0
DA:33,0
LF:27
LH:3
BRF:0
BRH:0
end_of_record
TN:
SF:src/pages/group/CourseDescriptionPage.tsx
FN:1,(empty-report)
FNF:1
FNH:1
FNDA:1,(empty-report)
LF:0
LH:0
BRDA:1,0,0,1
BRF:1
BRH:1
end_of_record
TN:
SF:src/pages/group/CreateGroup.tsx
FN:34,AddGroupPage
FN:52,onSuccess
FN:78,updateRow
FN:84,addRow
FN:86,removeRow
FN:91,handleAddLink
FN:98,handleRemoveLink
FN:102,normalizeUrl
FN:111,handleSave
FN:143,handleAddBatch
FN:162,onChange
FN:179,onChange
FN:223,onClick
FN:235,onChange
FN:247,onChange
FN:332,onClick
FNF:16
FNH:15
FNDA:517,AddGroupPage
FNDA:1,onSuccess
FNDA:50,updateRow
FNDA:4,addRow
FNDA:3,removeRow
FNDA:3,handleAddLink
FNDA:1,handleRemoveLink
FNDA:235,normalizeUrl
FNDA:6,handleSave
FNDA:0,handleAddBatch
FNDA:100,onChange
FNDA:160,onChange
FNDA:1,onClick
FNDA:60,onChange
FNDA:115,onChange
FNDA:1,onClick
DA:1,1
DA:2,1
DA:3,1
DA:4,1
DA:5,1
DA:6,1
DA:7,1
DA:8,1
DA:9,1
DA:10,1
DA:16,1
DA:25,1
DA:26,1
DA:32,1
DA:34,517
DA:35,517
DA:36,517
DA:37,517
DA:38,517
DA:40,517
DA:41,517
DA:42,517
DA:43,517
DA:44,517
DA:45,517
DA:46,517
DA:47,517
DA:49,517
DA:51,517
DA:52,517
DA:53,1
DA:54,0
DA:55,0
DA:56,0
DA:58,1
DA:60,1
DA:61,1
DA:62,1
DA:63,1
DA:64,1
DA:65,1
DA:66,1
DA:67,1
DA:68,1
DA:69,1
DA:70,1
DA:71,1
DA:72,1
DA:73,1
DA:74,1
DA:75,1
DA:76,517
DA:78,517
DA:79,50
DA:80,50
DA:81,50
DA:82,50
DA:84,517
DA:85,4
DA:86,517
DA:87,3
DA:88,3
DA:89,3
DA:91,517
DA:92,3
DA:93,3
DA:94,3
DA:95,3
DA:96,3
DA:97,3
DA:98,517
DA:99,1
DA:100,1
DA:102,517
DA:103,235
DA:104,235
DA:105,235
DA:106,144
DA:107,144
DA:108,91
DA:109,235
DA:111,517
DA:112,6
DA:113,6
DA:114,6
DA:115,6
DA:116,6
DA:118,6
DA:119,6
DA:120,6
DA:121,2
DA:122,4
DA:123,6
DA:124,6
DA:125,6
DA:126,3
DA:127,3
DA:128,6
DA:130,6
DA:131,6
DA:132,6
DA:133,6
DA:134,6
DA:135,6
DA:136,6
DA:138,517
DA:139,517
DA:140,551
DA:141,517
DA:143,517
DA:144,0
DA:145,0
DA:146,0
DA:147,0
DA:149,517
DA:150,517
DA:152,517
DA:153,517
DA:154,517
DA:155,517
DA:156,517
DA:158,517
DA:159,517
DA:160,517
DA:161,517
DA:162,517
DA:163,517
DA:164,517
DA:167,517
DA:168,517
DA:169,517
DA:170,517
DA:171,517
DA:173,517
DA:174,517
DA:175,517
DA:176,517
DA:177,517
DA:178,517
DA:179,517
DA:180,517
DA:181,517
DA:182,517
DA:183,517
DA:186,517
DA:187,517
DA:188,517
DA:189,517
DA:190,517
DA:191,517
DA:192,517
DA:193,517
DA:194,517
DA:195,517
DA:196,517
DA:197,517
DA:198,517
DA:199,517
DA:200,517
DA:201,517
DA:202,517
DA:203,517
DA:204,3
DA:205,3
DA:206,3
DA:207,3
DA:208,3
DA:209,3
DA:210,3
DA:211,3
DA:212,3
DA:214,3
DA:215,3
DA:216,3
DA:217,3
DA:219,3
DA:220,3
DA:221,3
DA:222,3
DA:223,3
DA:225,3
DA:226,3
DA:227,3
DA:228,3
DA:229,517
DA:230,517
DA:231,517
DA:232,517
DA:233,517
DA:234,517
DA:235,517
DA:236,60
DA:237,60
DA:238,60
DA:239,60
DA:241,517
DA:242,517
DA:243,517
DA:244,517
DA:245,517
DA:246,517
DA:247,517
DA:248,115
DA:249,115
DA:250,115
DA:251,115
DA:253,517
DA:254,517
DA:255,115
DA:256,115
DA:257,115
DA:258,115
DA:259,115
DA:260,115
DA:262,115
DA:263,115
DA:264,115
DA:266,517
DA:268,517
DA:269,517
DA:270,517
DA:271,517
DA:272,517
DA:273,517
DA:275,517
DA:276,517
DA:277,517
DA:278,517
DA:279,517
DA:280,517
DA:281,517
DA:282,517
DA:283,517
DA:286,517
DA:287,517
DA:288,517
DA:289,517
DA:290,517
DA:291,517
DA:292,517
DA:293,517
DA:294,517
DA:295,517
DA:296,517
DA:297,517
DA:298,517
DA:299,517
DA:300,517
DA:301,517
DA:302,517
DA:303,517
DA:304,551
DA:305,551
DA:306,551
DA:308,551
DA:309,551
DA:310,551
DA:311,551
DA:312,551
DA:313,551
DA:314,551
DA:315,551
DA:316,551
DA:317,551
DA:318,551
DA:319,551
DA:320,551
DA:321,551
DA:322,551
DA:324,517
DA:325,517
DA:326,517
DA:327,517
DA:328,517
DA:331,517
DA:332,517
DA:333,517
DA:334,517
DA:335,517
DA:336,517
DA:337,517
DA:338,517
DA:339,512
DA:340,364
DA:341,364
DA:344,517
DA:345,517
DA:346,517
DA:347,517
DA:349,517
LF:290
LH:283
BRDA:34,0,0,517
BRDA:254,1,0,115
BRDA:273,2,0,156
BRDA:338,3,0,512
BRDA:339,4,0,364
BRDA:340,5,0,364
BRDA:52,6,0,1
BRDA:53,7,0,0
BRDA:68,8,0,1
BRDA:69,9,0,1
BRDA:78,10,0,50
BRDA:84,11,0,4
BRDA:85,12,0,4
BRDA:86,13,0,3
BRDA:88,14,0,1
BRDA:88,15,0,2
BRDA:87,16,0,5
BRDA:91,17,0,3
BRDA:94,18,0,0
BRDA:95,19,0,3
BRDA:98,20,0,1
BRDA:99,21,0,1
BRDA:99,22,0,1
BRDA:102,23,0,235
BRDA:104,24,0,0
BRDA:105,25,0,144
BRDA:107,26,0,91
BRDA:111,27,0,6
BRDA:120,28,0,2
BRDA:120,29,0,2
BRDA:121,30,0,4
BRDA:112,31,0,6
BRDA:114,32,0,0
BRDA:124,33,0,3
BRDA:125,34,0,3
BRDA:139,35,0,551
BRDA:140,36,0,580
BRDA:162,37,0,100
BRDA:179,38,0,160
BRDA:203,39,0,3
BRDA:223,40,0,1
BRDA:235,41,0,60
BRDA:236,42,0,60
BRDA:247,43,0,115
BRDA:248,44,0,115
BRDA:303,45,0,551
BRDA:305,46,0,619
BRDA:306,47,0,68
BRDA:332,48,0,1
BRF:49
BRH:45
end_of_record
TN:
SF:src/pages/group/GroupList.tsx
FN:12,GroupListPage
FN:28,onClick
FNF:2
FNH:1
FNDA:3,GroupListPage
FNDA:0,onClick
DA:1,1
DA:2,1
DA:3,1
DA:4,1
DA:5,1
DA:6,1
DA:7,1
DA:8,1
DA:9,1
DA:10,1
DA:12,3
DA:13,3
DA:14,3
DA:15,3
DA:16,3
DA:17,3
DA:19,3
DA:20,0
DA:21,0
DA:22,0
DA:24,3
DA:25,3
DA:26,3
DA:27,3
DA:28,3
DA:29,3
DA:30,3
DA:32,3
DA:34,3
DA:35,3
DA:36,0
DA:37,0
DA:38,0
DA:39,0
DA:40,0
DA:41,0
DA:42,0
DA:44,0
DA:45,0
DA:46,0
DA:47,0
DA:48,0
DA:49,0
DA:50,0
DA:52,0
DA:53,0
DA:54,0
DA:55,0
DA:56,0
DA:57,0
DA:58,0
DA:60,0
DA:61,0
DA:63,3
DA:65,3
LF:55
LH:29
BRDA:12,0,0,3
BRDA:19,1,0,0
BRDA:35,2,0,0
BRF:3
BRH:1
end_of_record
TN:
SF:src/pages/group/GroupOverview.tsx
FN:11,GroupOverviewPage
FNF:1
FNH:0
FNDA:0,GroupOverviewPage
DA:2,1
DA:3,1
DA:4,1
DA:11,0
DA:12,0
DA:14,0
DA:15,0
DA:16,0
DA:17,0
DA:18,0
DA:19,0
DA:20,0
DA:21,0
DA:22,0
DA:23,0
DA:24,0
DA:25,0
DA:26,0
DA:28,0
LF:19
LH:3
BRF:0
BRH:0
end_of_record
TN:
SF:src/pages/group/GroupPage.tsx
FN:13,GroupPage
FNF:1
FNH:0
FNDA:0,GroupPage
DA:1,1
DA:2,1
DA:3,1
DA:4,1
DA:13,0
DA:14,0
DA:15,0
DA:17,0
DA:18,0
DA:19,0
DA:21,0
DA:22,0
DA:23,0
DA:24,0
DA:25,0
DA:26,0
DA:27,0
DA:28,0
DA:29,0
DA:30,0
DA:31,0
DA:32,0
DA:34,0
DA:35,0
DA:36,0
DA:38,0
DA:40,0
LF:27
LH:4
BRF:0
BRH:0
end_of_record
TN:
SF:src/pages/group/GroupSettings.tsx
FN:34,GroupSettings
FNF:1
FNH:0
FNDA:0,GroupSettings
DA:1,1
DA:2,1
DA:3,1
DA:4,1
DA:11,1
DA:12,1
DA:13,1
DA:14,1
DA:15,1
DA:16,1
DA:17,1
DA:18,1
DA:19,1
DA:20,1
DA:21,1
DA:24,1
DA:25,1
DA:26,1
DA:27,1
DA:34,0
DA:35,0
DA:36,0
DA:37,0
DA:38,0
DA:40,0
DA:41,0
DA:42,0
DA:43,0
DA:44,0
DA:45,0
DA:46,0
DA:47,0
DA:48,0
DA:50,0
DA:51,0
DA:52,0
DA:53,0
DA:54,0
DA:55,0
DA:56,0
DA:57,0
DA:58,0
DA:60,0
DA:61,0
DA:63,0
DA:64,0
DA:65,0
DA:66,0
DA:67,0
DA:68,0
DA:69,0
DA:70,0
DA:71,0
DA:72,0
DA:73,0
DA:74,0
DA:76,0
DA:77,0
DA:78,0
DA:80,0
DA:81,0
DA:82,0
DA:83,0
DA:84,0
DA:85,0
DA:86,0
DA:88,0
DA:90,0
DA:91,0
DA:92,0
DA:94,0
DA:95,0
DA:97,0
DA:98,0
DA:99,0
DA:100,0
DA:101,0
DA:103,0
DA:105,0
DA:106,0
DA:107,0
DA:108,0
DA:109,0
DA:110,0
DA:111,0
DA:113,0
DA:114,0
DA:115,0
DA:116,0
DA:117,0
DA:118,0
DA:119,0
DA:120,0
DA:122,0
DA:123,0
DA:124,0
DA:125,0
DA:126,0
DA:127,0
DA:129,0
DA:130,0
DA:131,0
DA:132,0
DA:133,0
DA:134,0
DA:135,0
DA:136,0
DA:137,0
DA:138,0
DA:139,0
DA:140,0
DA:141,0
DA:142,0
DA:143,0
DA:144,0
DA:145,0
DA:146,0
DA:147,0
DA:149,0
DA:150,0
DA:151,0
DA:152,0
DA:153,0
DA:154,0
DA:155,0
DA:156,0
DA:159,0
DA:160,0
DA:161,0
DA:162,0
DA:163,0
DA:164,0
DA:165,0
DA:166,0
DA:168,0
DA:169,0
DA:170,0
DA:171,0
DA:173,0
DA:174,0
DA:176,0
DA:178,0
DA:179,0
DA:180,0
DA:181,0
DA:182,0
DA:183,0
DA:184,0
DA:185,0
DA:186,0
DA:187,0
DA:188,0
DA:189,0
DA:190,0
DA:191,0
DA:192,0
DA:193,0
DA:194,0
DA:195,0
DA:196,0
DA:197,0
DA:199,0
DA:200,0
DA:201,0
DA:202,0
DA:203,0
DA:204,0
DA:205,0
DA:206,0
DA:207,0
DA:208,0
DA:209,0
DA:211,0
DA:212,0
DA:213,0
DA:214,0
DA:215,0
DA:217,0
DA:219,0
DA:220,0
DA:221,0
DA:222,0
DA:223,0
DA:224,0
DA:225,0
DA:227,0
DA:228,0
DA:229,0
DA:230,0
DA:231,0
DA:232,0
DA:233,0
DA:234,0
DA:235,0
DA:238,0
DA:239,0
DA:240,0
DA:241,0
DA:242,0
DA:243,0
DA:245,0
DA:246,0
DA:248,0
LF:203
LH:19
BRF:0
BRH:0
end_of_record
TN:
SF:src/pages/job/JobDashboard.tsx
FN:20,JobDashboard
FN:49,queryFn
FN:50,placeholderData
FN:95,onClick
FN:126,onClick
FNF:5
FNH:3
FNDA:1,JobDashboard
FNDA:1,queryFn
FNDA:5,placeholderData
FNDA:0,onClick
FNDA:0,onClick
DA:1,1
DA:2,1
DA:3,1
DA:4,1
DA:5,1
DA:6,1
DA:8,1
DA:9,1
DA:18,1
DA:20,1
DA:21,1
DA:22,1
DA:23,1
DA:24,1
DA:25,1
DA:26,1
DA:27,1
DA:28,1
DA:30,1
DA:31,1
DA:32,1
DA:33,1
DA:34,1
DA:35,1
DA:36,1
DA:37,1
DA:38,0
DA:39,0
DA:40,1
DA:41,0
DA:42,0
DA:43,0
DA:44,1
DA:45,1
DA:47,1
DA:48,1
DA:49,1
DA:50,1
DA:51,1
DA:52,1
DA:54,1
DA:55,1
DA:56,0
DA:57,0
DA:58,0
DA:59,0
DA:60,0
DA:61,1
DA:62,1
DA:64,1
DA:65,1
DA:66,1
DA:67,1
DA:68,1
DA:69,1
DA:70,1
DA:72,1
DA:73,1
DA:74,1
DA:75,1
DA:77,1
DA:78,1
DA:79,1
DA:80,1
DA:81,1
DA:82,1
DA:83,1
DA:84,1
DA:85,1
DA:87,1
DA:89,1
DA:90,0
DA:91,0
DA:92,0
DA:93,0
DA:94,0
DA:95,0
DA:96,0
DA:97,0
DA:99,0
DA:100,0
DA:101,0
DA:102,0
DA:103,0
DA:104,0
DA:106,0
DA:107,0
DA:108,0
DA:109,0
DA:110,0
DA:111,0
DA:112,0
DA:113,0
DA:115,0
DA:116,0
DA:117,0
DA:118,0
DA:119,0
DA:120,0
DA:121,0
DA:122,0
DA:124,0
DA:125,0
DA:126,0
DA:127,0
DA:129,0
DA:130,0
DA:131,0
DA:132,0
DA:134,0
DA:135,0
DA:136,0
DA:137,0
DA:138,0
DA:140,1
DA:141,1
DA:143,1
DA:145,1
LF:118
LH:65
BRDA:20,0,0,1
BRDA:55,1,0,0
BRDA:62,2,0,0
BRDA:89,3,0,0
BRDA:30,4,0,1
BRDA:37,5,0,0
BRDA:40,6,0,0
BRDA:49,7,0,1
BRDA:50,8,0,5
BRF:9
BRH:4
end_of_record
TN:
SF:src/pages/layouts/AdminLayout.tsx
FN:9,AdminLayout
FNF:1
FNH:1
FNDA:3,AdminLayout
DA:1,1
DA:2,1
DA:3,1
DA:4,1
DA:6,1
DA:7,1
DA:9,3
DA:10,3
DA:11,3
DA:12,3
DA:13,3
DA:15,3
DA:16,2
DA:17,0
DA:18,0
DA:19,0
DA:20,2
DA:21,2
DA:22,2
DA:23,0
DA:24,0
DA:25,3
DA:27,3
DA:28,3
DA:29,3
DA:30,3
DA:31,3
DA:32,3
DA:34,3
DA:36,2
DA:37,2
DA:38,2
DA:39,2
DA:40,2
DA:41,2
DA:42,2
DA:43,2
DA:44,2
DA:45,2
DA:46,2
DA:47,2
DA:48,2
DA:50,2
LF:43
LH:38
BRDA:9,0,0,3
BRDA:34,1,0,1
BRDA:34,2,0,2
BRDA:15,3,0,2
BRDA:16,4,0,0
BRDA:22,5,0,0
BRF:6
BRH:4
end_of_record
TN:
SF:src/pages/layouts/DefaultLayout.tsx
FN:4,DefaultLayout
FNF:1
FNH:1
FNDA:2,DefaultLayout
DA:1,1
DA:2,1
DA:4,2
DA:5,2
DA:6,2
DA:7,2
DA:8,2
DA:9,2
DA:10,2
DA:11,2
DA:13,2
LF:11
LH:11
BRDA:4,0,0,2
BRF:1
BRH:1
end_of_record
TN:
SF:src/pages/layouts/GroupLayout.tsx
FN:6,GroupLayout
FNF:1
FNH:0
FNDA:0,GroupLayout
DA:1,1
DA:2,1
DA:3,1
DA:4,1
DA:6,0
DA:7,0
DA:8,0
DA:9,0
DA:11,0
DA:12,0
DA:13,0
DA:14,0
DA:15,0
DA:16,0
DA:17,0
DA:18,0
DA:19,0
DA:20,0
DA:22,0
DA:24,0
DA:25,0
DA:26,0
DA:27,0
DA:28,0
DA:29,0
DA:30,0
DA:31,0
DA:32,0
DA:33,0
DA:34,0
DA:35,0
DA:36,0
DA:38,0
LF:33
LH:4
BRF:0
BRH:0
end_of_record
TN:
SF:src/pages/layouts/JobLayout.tsx
FN:5,JobLayout
FNF:1
FNH:1
FNDA:1,JobLayout
DA:1,1
DA:2,1
DA:3,1
DA:5,1
DA:6,1
DA:8,1
DA:9,1
DA:10,1
DA:11,1
DA:12,1
DA:13,1
DA:14,1
DA:15,1
DA:16,1
DA:17,1
DA:19,1
DA:20,1
DA:21,1
DA:22,1
DA:23,1
DA:24,1
DA:25,1
DA:26,1
DA:27,1
DA:28,1
DA:29,1
DA:30,1
DA:31,1
DA:33,1
LF:29
LH:29
BRDA:5,0,0,1
BRF:1
BRH:1
end_of_record
TN:
SF:src/pages/layouts/SettingLayout.tsx
FN:5,SettingLayout
FNF:1
FNH:1
FNDA:1,SettingLayout
DA:1,1
DA:2,1
DA:3,1
DA:5,1
DA:6,1
DA:8,1
DA:9,1
DA:10,1
DA:11,1
DA:12,1
DA:13,1
DA:14,1
DA:15,1
DA:16,1
DA:17,1
DA:19,1
DA:20,1
DA:21,1
DA:22,1
DA:23,1
DA:24,1
DA:25,1
DA:26,1
DA:27,1
DA:28,1
DA:29,1
DA:30,1
DA:31,1
DA:33,1
LF:29
LH:29
BRDA:5,0,0,1
BRF:1
BRH:1
end_of_record
TN:
SF:src/pages/setting/SettingAddKey.tsx
FN:3,SettingAddKey
FNF:1
FNH:0
FNDA:0,SettingAddKey
DA:1,1
DA:3,0
DA:4,0
DA:5,0
DA:6,0
DA:7,0
DA:9,0
LF:7
LH:1
BRF:0
BRH:0
end_of_record
TN:
SF:src/pages/setting/SettingGeneral.tsx
FN:12,SettingGeneral
FNF:1
FNH:1
FNDA:1,SettingGeneral
DA:1,1
DA:2,1
DA:3,1
DA:4,1
DA:10,1
DA:12,1
DA:13,1
DA:14,1
DA:15,1
DA:16,1
DA:17,1
DA:18,1
DA:19,1
DA:20,1
DA:21,1
DA:22,1
DA:23,1
DA:24,1
DA:25,1
DA:26,1
DA:27,1
DA:28,1
DA:29,1
DA:30,1
DA:31,1
DA:32,1
DA:33,1
DA:35,1
LF:28
LH:28
BRDA:12,0,0,1
BRF:1
BRH:1
end_of_record
TN:
SF:src/pages/setting/SettingSSH.tsx
FN:4,SettingSSH
FNF:1
FNH:0
FNDA:0,SettingSSH
DA:1,1
DA:2,1
DA:4,0
DA:5,0
DA:6,0
DA:7,0
DA:8,0
DA:9,0
DA:11,0
LF:9
LH:2
BRF:0
BRH:0
end_of_record
TN:
SF:src/test/test-utils.tsx
FN:1,(empty-report)
FNF:1
FNH:1
FNDA:1,(empty-report)
DA:2,0
DA:3,0
DA:5,0
DA:6,0
DA:7,0
DA:8,0
LF:6
LH:0
BRDA:1,0,0,1
BRF:1
BRH:1
end_of_record
TN:
SF:src/types/generic.ts
FN:1,(empty-report)
FNF:1
FNH:1
FNDA:1,(empty-report)
LF:0
LH:0
BRDA:1,0,0,1
BRF:1
BRH:1
end_of_record
TN:
SF:src/types/group.ts
FNF:0
FNH:0
DA:1,1
DA:2,1
DA:3,1
DA:5,1
DA:6,1
DA:7,1
DA:8,1
DA:9,1
LF:8
LH:8
BRF:0
BRH:0
end_of_record
TN:
SF:src/types/jobs.ts
FN:1,(empty-report)
FNF:1
FNH:1
FNDA:1,(empty-report)
LF:0
LH:0
BRDA:1,0,0,1
BRF:1
BRH:1
end_of_record
TN:
SF:src/types/settings.ts
FN:1,(empty-report)
FNF:1
FNH:1
FNDA:1,(empty-report)
LF:0
LH:0
BRDA:1,0,0,1
BRF:1
BRH:1
end_of_record
